окт. 31, 2022 12:00:16 AM org.l2jmobius.gameserver.data.xml.SpawnData lambda$parseDocument$2
WARNING: SpawnData: Error while processing spawn in file: F:\l2ServerMain\Server\game\data\spawns\Others\del.xml
java.lang.IllegalStateException: Incorrect time format given: 
	at org.l2jmobius.commons.util.TimeUtil.parseDuration(TimeUtil.java:58)
	at org.l2jmobius.gameserver.model.StatSet.getDuration(StatSet.java:702)
	at org.l2jmobius.gameserver.model.spawns.NpcSpawnTemplate.<init>(NpcSpawnTemplate.java:96)
	at org.l2jmobius.gameserver.data.xml.SpawnData.parseNpc(SpawnData.java:306)
	at org.l2jmobius.gameserver.data.xml.SpawnData.lambda$parseGroup$11(SpawnData.java:291)
	at org.l2jmobius.commons.util.IXmlReader.forEach(IXmlReader.java:769)
	at org.l2jmobius.gameserver.data.xml.SpawnData.parseGroup(SpawnData.java:280)
	at org.l2jmobius.gameserver.data.xml.SpawnData.parseSpawn(SpawnData.java:192)
	at org.l2jmobius.gameserver.data.xml.SpawnData.lambda$parseDocument$2(SpawnData.java:82)
	at org.l2jmobius.commons.util.IXmlReader.forEach(IXmlReader.java:769)
	at org.l2jmobius.commons.util.IXmlReader.forEach(IXmlReader.java:752)
	at org.l2jmobius.gameserver.data.xml.SpawnData.lambda$parseDocument$3(SpawnData.java:78)
	at org.l2jmobius.commons.util.IXmlReader.forEach(IXmlReader.java:769)
	at org.l2jmobius.commons.util.IXmlReader.forEach(IXmlReader.java:752)
	at org.l2jmobius.gameserver.data.xml.SpawnData.parseDocument(SpawnData.java:78)
	at org.l2jmobius.commons.util.IXmlReader.parseFile(IXmlReader.java:102)
	at org.l2jmobius.commons.util.IXmlReader.parseDirectory(IXmlReader.java:204)
	at org.l2jmobius.commons.util.IXmlReader.parseDirectory(IXmlReader.java:200)
	at org.l2jmobius.commons.util.IXmlReader.parseDatapackDirectory(IXmlReader.java:150)
	at org.l2jmobius.gameserver.data.xml.SpawnData.load(SpawnData.java:71)
	at org.l2jmobius.gameserver.data.xml.SpawnData.<init>(SpawnData.java:65)
	at org.l2jmobius.gameserver.data.xml.SpawnData$SingletonHolder.<clinit>(SpawnData.java:393)
	at org.l2jmobius.gameserver.data.xml.SpawnData.getInstance(SpawnData.java:388)
	at org.l2jmobius.gameserver.GameServer.<init>(GameServer.java:342)
	at org.l2jmobius.gameserver.GameServer.main(GameServer.java:515)

окт. 31, 2022 12:00:22 AM org.l2jmobius.commons.util.IXmlReader parseFile
WARNING: Could not parse file: CursedWeapons.xml at line: 9, column: 9 :
org.xml.sax.SAXParseException; systemId: file:/F:/l2ServerMain/Server/game/data/CursedWeapons.xml; lineNumber: 9; columnNumber: 9; cvc-complex-type.2.3: Element 'item' cannot have character [children], because the type's content type is element-only.
	at java.xml/com.sun.org.apache.xerces.internal.util.ErrorHandlerWrapper.createSAXParseException(ErrorHandlerWrapper.java:204)
	at java.xml/com.sun.org.apache.xerces.internal.util.ErrorHandlerWrapper.error(ErrorHandlerWrapper.java:135)
	at java.xml/com.sun.org.apache.xerces.internal.impl.XMLErrorReporter.reportError(XMLErrorReporter.java:396)
	at java.xml/com.sun.org.apache.xerces.internal.impl.XMLErrorReporter.reportError(XMLErrorReporter.java:327)
	at java.xml/com.sun.org.apache.xerces.internal.impl.XMLErrorReporter.reportError(XMLErrorReporter.java:284)
	at java.xml/com.sun.org.apache.xerces.internal.impl.xs.XMLSchemaValidator$XSIErrorReporter.reportError(XMLSchemaValidator.java:512)
	at java.xml/com.sun.org.apache.xerces.internal.impl.xs.XMLSchemaValidator.reportSchemaError(XMLSchemaValidator.java:3588)
	at java.xml/com.sun.org.apache.xerces.internal.impl.xs.XMLSchemaValidator.elementLocallyValidComplexType(XMLSchemaValidator.java:3473)
	at java.xml/com.sun.org.apache.xerces.internal.impl.xs.XMLSchemaValidator.elementLocallyValidType(XMLSchemaValidator.java:3433)
	at java.xml/com.sun.org.apache.xerces.internal.impl.xs.XMLSchemaValidator.processElementContent(XMLSchemaValidator.java:3335)
	at java.xml/com.sun.org.apache.xerces.internal.impl.xs.XMLSchemaValidator.handleEndElement(XMLSchemaValidator.java:2373)
	at java.xml/com.sun.org.apache.xerces.internal.impl.xs.XMLSchemaValidator.endElement(XMLSchemaValidator.java:944)
	at java.xml/com.sun.org.apache.xerces.internal.impl.XMLDocumentFragmentScannerImpl.scanEndElement(XMLDocumentFragmentScannerImpl.java:1728)
	at java.xml/com.sun.org.apache.xerces.internal.impl.XMLDocumentFragmentScannerImpl$FragmentContentDriver.next(XMLDocumentFragmentScannerImpl.java:2899)
	at java.xml/com.sun.org.apache.xerces.internal.impl.XMLDocumentScannerImpl.next(XMLDocumentScannerImpl.java:605)
	at java.xml/com.sun.org.apache.xerces.internal.impl.XMLNSDocumentScannerImpl.next(XMLNSDocumentScannerImpl.java:112)
	at java.xml/com.sun.org.apache.xerces.internal.impl.XMLDocumentFragmentScannerImpl.scanDocument(XMLDocumentFragmentScannerImpl.java:542)
	at java.xml/com.sun.org.apache.xerces.internal.parsers.XML11Configuration.parse(XML11Configuration.java:889)
	at java.xml/com.sun.org.apache.xerces.internal.parsers.XML11Configuration.parse(XML11Configuration.java:825)
	at java.xml/com.sun.org.apache.xerces.internal.parsers.XMLParser.parse(XMLParser.java:141)
	at java.xml/com.sun.org.apache.xerces.internal.parsers.DOMParser.parse(DOMParser.java:247)
	at java.xml/com.sun.org.apache.xerces.internal.jaxp.DocumentBuilderImpl.parse(DocumentBuilderImpl.java:342)
	at java.xml/javax.xml.parsers.DocumentBuilder.parse(DocumentBuilder.java:206)
	at org.l2jmobius.commons.util.IXmlReader.parseFile(IXmlReader.java:102)
	at org.l2jmobius.commons.util.IXmlReader.parseDatapackFile(IXmlReader.java:76)
	at org.l2jmobius.gameserver.instancemanager.CursedWeaponsManager.load(CursedWeaponsManager.java:76)
	at org.l2jmobius.gameserver.instancemanager.CursedWeaponsManager.<init>(CursedWeaponsManager.java:65)
	at org.l2jmobius.gameserver.instancemanager.CursedWeaponsManager$SingletonHolder.<clinit>(CursedWeaponsManager.java:395)
	at org.l2jmobius.gameserver.instancemanager.CursedWeaponsManager.getInstance(CursedWeaponsManager.java:390)
	at org.l2jmobius.gameserver.GameServer.<init>(GameServer.java:369)
	at org.l2jmobius.gameserver.GameServer.main(GameServer.java:515)

