окт. 30, 2022 11:02:55 PM org.l2jmobius.gameserver.data.xml.SpawnData lambda$parseDocument$2
WARNING: SpawnData: Error while processing spawn in file: F:\l2ServerMain\Server\game\data\spawns\Others\del.xml
java.lang.IllegalStateException: Incorrect time format given: 
	at org.l2jmobius.commons.util.TimeUtil.parseDuration(TimeUtil.java:58)
	at org.l2jmobius.gameserver.model.StatSet.getDuration(StatSet.java:702)
	at org.l2jmobius.gameserver.model.spawns.NpcSpawnTemplate.<init>(NpcSpawnTemplate.java:96)
	at org.l2jmobius.gameserver.data.xml.SpawnData.parseNpc(SpawnData.java:306)
	at org.l2jmobius.gameserver.data.xml.SpawnData.lambda$parseGroup$11(SpawnData.java:291)
	at org.l2jmobius.commons.util.IXmlReader.forEach(IXmlReader.java:769)
	at org.l2jmobius.gameserver.data.xml.SpawnData.parseGroup(SpawnData.java:280)
	at org.l2jmobius.gameserver.data.xml.SpawnData.parseSpawn(SpawnData.java:192)
	at org.l2jmobius.gameserver.data.xml.SpawnData.lambda$parseDocument$2(SpawnData.java:82)
	at org.l2jmobius.commons.util.IXmlReader.forEach(IXmlReader.java:769)
	at org.l2jmobius.commons.util.IXmlReader.forEach(IXmlReader.java:752)
	at org.l2jmobius.gameserver.data.xml.SpawnData.lambda$parseDocument$3(SpawnData.java:78)
	at org.l2jmobius.commons.util.IXmlReader.forEach(IXmlReader.java:769)
	at org.l2jmobius.commons.util.IXmlReader.forEach(IXmlReader.java:752)
	at org.l2jmobius.gameserver.data.xml.SpawnData.parseDocument(SpawnData.java:78)
	at org.l2jmobius.commons.util.IXmlReader.parseFile(IXmlReader.java:102)
	at org.l2jmobius.commons.util.IXmlReader.parseDirectory(IXmlReader.java:204)
	at org.l2jmobius.commons.util.IXmlReader.parseDirectory(IXmlReader.java:200)
	at org.l2jmobius.commons.util.IXmlReader.parseDatapackDirectory(IXmlReader.java:150)
	at org.l2jmobius.gameserver.data.xml.SpawnData.load(SpawnData.java:71)
	at org.l2jmobius.gameserver.data.xml.SpawnData.<init>(SpawnData.java:65)
	at org.l2jmobius.gameserver.data.xml.SpawnData$SingletonHolder.<clinit>(SpawnData.java:393)
	at org.l2jmobius.gameserver.data.xml.SpawnData.getInstance(SpawnData.java:388)
	at org.l2jmobius.gameserver.GameServer.<init>(GameServer.java:342)
	at org.l2jmobius.gameserver.GameServer.main(GameServer.java:515)

окт. 30, 2022 11:03:06 PM org.l2jmobius.commons.util.IXmlReader parseFile
WARNING: Could not parse file: CursedWeapons.xml at line: 9, column: 9 :
org.xml.sax.SAXParseException; systemId: file:/F:/l2ServerMain/Server/game/data/CursedWeapons.xml; lineNumber: 9; columnNumber: 9; cvc-complex-type.2.3: Element 'item' cannot have character [children], because the type's content type is element-only.
	at java.xml/com.sun.org.apache.xerces.internal.util.ErrorHandlerWrapper.createSAXParseException(ErrorHandlerWrapper.java:204)
	at java.xml/com.sun.org.apache.xerces.internal.util.ErrorHandlerWrapper.error(ErrorHandlerWrapper.java:135)
	at java.xml/com.sun.org.apache.xerces.internal.impl.XMLErrorReporter.reportError(XMLErrorReporter.java:396)
	at java.xml/com.sun.org.apache.xerces.internal.impl.XMLErrorReporter.reportError(XMLErrorReporter.java:327)
	at java.xml/com.sun.org.apache.xerces.internal.impl.XMLErrorReporter.reportError(XMLErrorReporter.java:284)
	at java.xml/com.sun.org.apache.xerces.internal.impl.xs.XMLSchemaValidator$XSIErrorReporter.reportError(XMLSchemaValidator.java:512)
	at java.xml/com.sun.org.apache.xerces.internal.impl.xs.XMLSchemaValidator.reportSchemaError(XMLSchemaValidator.java:3588)
	at java.xml/com.sun.org.apache.xerces.internal.impl.xs.XMLSchemaValidator.elementLocallyValidComplexType(XMLSchemaValidator.java:3473)
	at java.xml/com.sun.org.apache.xerces.internal.impl.xs.XMLSchemaValidator.elementLocallyValidType(XMLSchemaValidator.java:3433)
	at java.xml/com.sun.org.apache.xerces.internal.impl.xs.XMLSchemaValidator.processElementContent(XMLSchemaValidator.java:3335)
	at java.xml/com.sun.org.apache.xerces.internal.impl.xs.XMLSchemaValidator.handleEndElement(XMLSchemaValidator.java:2373)
	at java.xml/com.sun.org.apache.xerces.internal.impl.xs.XMLSchemaValidator.endElement(XMLSchemaValidator.java:944)
	at java.xml/com.sun.org.apache.xerces.internal.impl.XMLDocumentFragmentScannerImpl.scanEndElement(XMLDocumentFragmentScannerImpl.java:1728)
	at java.xml/com.sun.org.apache.xerces.internal.impl.XMLDocumentFragmentScannerImpl$FragmentContentDriver.next(XMLDocumentFragmentScannerImpl.java:2899)
	at java.xml/com.sun.org.apache.xerces.internal.impl.XMLDocumentScannerImpl.next(XMLDocumentScannerImpl.java:605)
	at java.xml/com.sun.org.apache.xerces.internal.impl.XMLNSDocumentScannerImpl.next(XMLNSDocumentScannerImpl.java:112)
	at java.xml/com.sun.org.apache.xerces.internal.impl.XMLDocumentFragmentScannerImpl.scanDocument(XMLDocumentFragmentScannerImpl.java:542)
	at java.xml/com.sun.org.apache.xerces.internal.parsers.XML11Configuration.parse(XML11Configuration.java:889)
	at java.xml/com.sun.org.apache.xerces.internal.parsers.XML11Configuration.parse(XML11Configuration.java:825)
	at java.xml/com.sun.org.apache.xerces.internal.parsers.XMLParser.parse(XMLParser.java:141)
	at java.xml/com.sun.org.apache.xerces.internal.parsers.DOMParser.parse(DOMParser.java:247)
	at java.xml/com.sun.org.apache.xerces.internal.jaxp.DocumentBuilderImpl.parse(DocumentBuilderImpl.java:342)
	at java.xml/javax.xml.parsers.DocumentBuilder.parse(DocumentBuilder.java:206)
	at org.l2jmobius.commons.util.IXmlReader.parseFile(IXmlReader.java:102)
	at org.l2jmobius.commons.util.IXmlReader.parseDatapackFile(IXmlReader.java:76)
	at org.l2jmobius.gameserver.instancemanager.CursedWeaponsManager.load(CursedWeaponsManager.java:76)
	at org.l2jmobius.gameserver.instancemanager.CursedWeaponsManager.<init>(CursedWeaponsManager.java:65)
	at org.l2jmobius.gameserver.instancemanager.CursedWeaponsManager$SingletonHolder.<clinit>(CursedWeaponsManager.java:395)
	at org.l2jmobius.gameserver.instancemanager.CursedWeaponsManager.getInstance(CursedWeaponsManager.java:390)
	at org.l2jmobius.gameserver.GameServer.<init>(GameServer.java:369)
	at org.l2jmobius.gameserver.GameServer.main(GameServer.java:515)

окт. 30, 2022 11:12:15 PM org.l2jmobius.commons.network.codecs.PacketEncoder encode
WARNING: Failed sending Packet(org.l2jmobius.gameserver.network.serverpackets.NpcHtmlMessage@74c6d8c3)
java.lang.IllegalStateException: Packet (org.l2jmobius.gameserver.network.serverpackets.NpcHtmlMessage@74c6d8c3) size (53084) is bigger than the expected client limit (32766)
	at org.l2jmobius.commons.network.codecs.PacketEncoder.encode(PacketEncoder.java:55)
	at org.l2jmobius.commons.network.codecs.PacketEncoder.encode(PacketEncoder.java:33)
	at io.netty.handler.codec.MessageToByteEncoder.write(MessageToByteEncoder.java:107)
	at io.netty.channel.AbstractChannelHandlerContext.invokeWrite0(AbstractChannelHandlerContext.java:717)
	at io.netty.channel.AbstractChannelHandlerContext.invokeWriteAndFlush(AbstractChannelHandlerContext.java:764)
	at io.netty.channel.AbstractChannelHandlerContext.write(AbstractChannelHandlerContext.java:790)
	at io.netty.channel.AbstractChannelHandlerContext.writeAndFlush(AbstractChannelHandlerContext.java:758)
	at io.netty.channel.AbstractChannelHandlerContext.writeAndFlush(AbstractChannelHandlerContext.java:808)
	at io.netty.channel.DefaultChannelPipeline.writeAndFlush(DefaultChannelPipeline.java:1025)
	at io.netty.channel.AbstractChannel.writeAndFlush(AbstractChannel.java:306)
	at org.l2jmobius.gameserver.network.GameClient.sendPacket(GameClient.java:273)
	at org.l2jmobius.gameserver.model.actor.Player.sendPacket(Player.java:4327)
	at handlers.bypasshandlers.NpcViewMod.sendNpcSkillView(NpcViewMod.java:294)
	at handlers.bypasshandlers.NpcViewMod.useBypass(NpcViewMod.java:161)
	at org.l2jmobius.gameserver.network.clientpackets.RequestBypassToServer.run(RequestBypassToServer.java:297)
	at org.l2jmobius.gameserver.network.clientpackets.RequestBypassToServer.run(RequestBypassToServer.java:56)
	at org.l2jmobius.gameserver.network.GameClient.channelRead0(GameClient.java:120)
	at org.l2jmobius.gameserver.network.GameClient.channelRead0(GameClient.java:69)
	at io.netty.channel.SimpleChannelInboundHandler.channelRead(SimpleChannelInboundHandler.java:99)
	at io.netty.channel.AbstractChannelHandlerContext.invokeChannelRead(AbstractChannelHandlerContext.java:379)
	at io.netty.channel.AbstractChannelHandlerContext.invokeChannelRead(AbstractChannelHandlerContext.java:365)
	at io.netty.channel.AbstractChannelHandlerContext.fireChannelRead(AbstractChannelHandlerContext.java:357)
	at io.netty.handler.codec.ByteToMessageDecoder.fireChannelRead(ByteToMessageDecoder.java:327)
	at io.netty.handler.codec.ByteToMessageDecoder.channelRead(ByteToMessageDecoder.java:299)
	at io.netty.channel.AbstractChannelHandlerContext.invokeChannelRead(AbstractChannelHandlerContext.java:379)
	at io.netty.channel.AbstractChannelHandlerContext.invokeChannelRead(AbstractChannelHandlerContext.java:365)
	at io.netty.channel.AbstractChannelHandlerContext.fireChannelRead(AbstractChannelHandlerContext.java:357)
	at io.netty.handler.codec.ByteToMessageDecoder.fireChannelRead(ByteToMessageDecoder.java:327)
	at io.netty.handler.codec.ByteToMessageDecoder.channelRead(ByteToMessageDecoder.java:299)
	at io.netty.handler.codec.ByteToMessageCodec.channelRead(ByteToMessageCodec.java:103)
	at io.netty.channel.AbstractChannelHandlerContext.invokeChannelRead(AbstractChannelHandlerContext.java:379)
	at io.netty.channel.AbstractChannelHandlerContext.invokeChannelRead(AbstractChannelHandlerContext.java:365)
	at io.netty.channel.AbstractChannelHandlerContext.fireChannelRead(AbstractChannelHandlerContext.java:357)
	at io.netty.handler.codec.ByteToMessageDecoder.fireChannelRead(ByteToMessageDecoder.java:327)
	at io.netty.handler.codec.ByteToMessageDecoder.channelRead(ByteToMessageDecoder.java:299)
	at io.netty.channel.AbstractChannelHandlerContext.invokeChannelRead(AbstractChannelHandlerContext.java:379)
	at io.netty.channel.AbstractChannelHandlerContext.invokeChannelRead(AbstractChannelHandlerContext.java:365)
	at io.netty.channel.AbstractChannelHandlerContext.fireChannelRead(AbstractChannelHandlerContext.java:357)
	at io.netty.channel.DefaultChannelPipeline$HeadContext.channelRead(DefaultChannelPipeline.java:1410)
	at io.netty.channel.AbstractChannelHandlerContext.invokeChannelRead(AbstractChannelHandlerContext.java:379)
	at io.netty.channel.AbstractChannelHandlerContext.invokeChannelRead(AbstractChannelHandlerContext.java:365)
	at io.netty.channel.DefaultChannelPipeline.fireChannelRead(DefaultChannelPipeline.java:919)
	at io.netty.channel.nio.AbstractNioByteChannel$NioByteUnsafe.read(AbstractNioByteChannel.java:166)
	at io.netty.channel.nio.NioEventLoop.processSelectedKey(NioEventLoop.java:722)
	at io.netty.channel.nio.NioEventLoop.processSelectedKeysPlain(NioEventLoop.java:623)
	at io.netty.channel.nio.NioEventLoop.processSelectedKeys(NioEventLoop.java:586)
	at io.netty.channel.nio.NioEventLoop.run(NioEventLoop.java:496)
	at io.netty.util.concurrent.SingleThreadEventExecutor$4.run(SingleThreadEventExecutor.java:986)
	at io.netty.util.internal.ThreadExecutorMap$2.run(ThreadExecutorMap.java:74)
	at io.netty.util.concurrent.FastThreadLocalRunnable.run(FastThreadLocalRunnable.java:30)
	at java.base/java.lang.Thread.run(Thread.java:833)

окт. 30, 2022 11:12:38 PM org.l2jmobius.commons.network.codecs.PacketEncoder encode
WARNING: Failed sending Packet(org.l2jmobius.gameserver.network.serverpackets.NpcHtmlMessage@1f9186ec)
java.lang.IllegalStateException: Packet (org.l2jmobius.gameserver.network.serverpackets.NpcHtmlMessage@1f9186ec) size (53084) is bigger than the expected client limit (32766)
	at org.l2jmobius.commons.network.codecs.PacketEncoder.encode(PacketEncoder.java:55)
	at org.l2jmobius.commons.network.codecs.PacketEncoder.encode(PacketEncoder.java:33)
	at io.netty.handler.codec.MessageToByteEncoder.write(MessageToByteEncoder.java:107)
	at io.netty.channel.AbstractChannelHandlerContext.invokeWrite0(AbstractChannelHandlerContext.java:717)
	at io.netty.channel.AbstractChannelHandlerContext.invokeWriteAndFlush(AbstractChannelHandlerContext.java:764)
	at io.netty.channel.AbstractChannelHandlerContext.write(AbstractChannelHandlerContext.java:790)
	at io.netty.channel.AbstractChannelHandlerContext.writeAndFlush(AbstractChannelHandlerContext.java:758)
	at io.netty.channel.AbstractChannelHandlerContext.writeAndFlush(AbstractChannelHandlerContext.java:808)
	at io.netty.channel.DefaultChannelPipeline.writeAndFlush(DefaultChannelPipeline.java:1025)
	at io.netty.channel.AbstractChannel.writeAndFlush(AbstractChannel.java:306)
	at org.l2jmobius.gameserver.network.GameClient.sendPacket(GameClient.java:273)
	at org.l2jmobius.gameserver.model.actor.Player.sendPacket(Player.java:4327)
	at handlers.bypasshandlers.NpcViewMod.sendNpcSkillView(NpcViewMod.java:294)
	at handlers.bypasshandlers.NpcViewMod.useBypass(NpcViewMod.java:161)
	at org.l2jmobius.gameserver.network.clientpackets.RequestBypassToServer.run(RequestBypassToServer.java:297)
	at org.l2jmobius.gameserver.network.clientpackets.RequestBypassToServer.run(RequestBypassToServer.java:56)
	at org.l2jmobius.gameserver.network.GameClient.channelRead0(GameClient.java:120)
	at org.l2jmobius.gameserver.network.GameClient.channelRead0(GameClient.java:69)
	at io.netty.channel.SimpleChannelInboundHandler.channelRead(SimpleChannelInboundHandler.java:99)
	at io.netty.channel.AbstractChannelHandlerContext.invokeChannelRead(AbstractChannelHandlerContext.java:379)
	at io.netty.channel.AbstractChannelHandlerContext.invokeChannelRead(AbstractChannelHandlerContext.java:365)
	at io.netty.channel.AbstractChannelHandlerContext.fireChannelRead(AbstractChannelHandlerContext.java:357)
	at io.netty.handler.codec.ByteToMessageDecoder.fireChannelRead(ByteToMessageDecoder.java:327)
	at io.netty.handler.codec.ByteToMessageDecoder.channelRead(ByteToMessageDecoder.java:299)
	at io.netty.channel.AbstractChannelHandlerContext.invokeChannelRead(AbstractChannelHandlerContext.java:379)
	at io.netty.channel.AbstractChannelHandlerContext.invokeChannelRead(AbstractChannelHandlerContext.java:365)
	at io.netty.channel.AbstractChannelHandlerContext.fireChannelRead(AbstractChannelHandlerContext.java:357)
	at io.netty.handler.codec.ByteToMessageDecoder.fireChannelRead(ByteToMessageDecoder.java:327)
	at io.netty.handler.codec.ByteToMessageDecoder.channelRead(ByteToMessageDecoder.java:299)
	at io.netty.handler.codec.ByteToMessageCodec.channelRead(ByteToMessageCodec.java:103)
	at io.netty.channel.AbstractChannelHandlerContext.invokeChannelRead(AbstractChannelHandlerContext.java:379)
	at io.netty.channel.AbstractChannelHandlerContext.invokeChannelRead(AbstractChannelHandlerContext.java:365)
	at io.netty.channel.AbstractChannelHandlerContext.fireChannelRead(AbstractChannelHandlerContext.java:357)
	at io.netty.handler.codec.ByteToMessageDecoder.fireChannelRead(ByteToMessageDecoder.java:327)
	at io.netty.handler.codec.ByteToMessageDecoder.channelRead(ByteToMessageDecoder.java:299)
	at io.netty.channel.AbstractChannelHandlerContext.invokeChannelRead(AbstractChannelHandlerContext.java:379)
	at io.netty.channel.AbstractChannelHandlerContext.invokeChannelRead(AbstractChannelHandlerContext.java:365)
	at io.netty.channel.AbstractChannelHandlerContext.fireChannelRead(AbstractChannelHandlerContext.java:357)
	at io.netty.channel.DefaultChannelPipeline$HeadContext.channelRead(DefaultChannelPipeline.java:1410)
	at io.netty.channel.AbstractChannelHandlerContext.invokeChannelRead(AbstractChannelHandlerContext.java:379)
	at io.netty.channel.AbstractChannelHandlerContext.invokeChannelRead(AbstractChannelHandlerContext.java:365)
	at io.netty.channel.DefaultChannelPipeline.fireChannelRead(DefaultChannelPipeline.java:919)
	at io.netty.channel.nio.AbstractNioByteChannel$NioByteUnsafe.read(AbstractNioByteChannel.java:166)
	at io.netty.channel.nio.NioEventLoop.processSelectedKey(NioEventLoop.java:722)
	at io.netty.channel.nio.NioEventLoop.processSelectedKeysPlain(NioEventLoop.java:623)
	at io.netty.channel.nio.NioEventLoop.processSelectedKeys(NioEventLoop.java:586)
	at io.netty.channel.nio.NioEventLoop.run(NioEventLoop.java:496)
	at io.netty.util.concurrent.SingleThreadEventExecutor$4.run(SingleThreadEventExecutor.java:986)
	at io.netty.util.internal.ThreadExecutorMap$2.run(ThreadExecutorMap.java:74)
	at io.netty.util.concurrent.FastThreadLocalRunnable.run(FastThreadLocalRunnable.java:30)
	at java.base/java.lang.Thread.run(Thread.java:833)

