2022.10.31 01:07:33,335	INFO	1	org.l2jmobius.commons.util.IXmlReader	Network Config: ipconfig.xml exists using manual configuration...
2022.10.31 01:07:33,518	INFO	1	org.l2jmobius.Config	Loaded 6 Filter Words.
2022.10.31 01:07:33,547	INFO	1	org.l2jmobius.gameserver.GameServer	------------------------------------------------=[ Database ]
2022.10.31 01:07:34,011	INFO	23	org.l2jmobius.gameserver.model.World	World: (288 by 272) World Region Grid set up.
2022.10.31 01:07:36,157	INFO	1	org.l2jmobius.commons.database.DatabaseFactory	Database: Initialized.
2022.10.31 01:07:36,158	INFO	1	org.l2jmobius.gameserver.GameServer	----------------------------------------------=[ ThreadPool ]
2022.10.31 01:07:36,159	INFO	1	org.l2jmobius.commons.threads.ThreadPool	ThreadPool: Initialized
2022.10.31 01:07:36,160	INFO	1	org.l2jmobius.commons.threads.ThreadPool	...4 scheduled pool executors with 16 total threads.
2022.10.31 01:07:36,161	INFO	1	org.l2jmobius.commons.threads.ThreadPool	...4 instant pool executors with 8 total threads.
2022.10.31 01:07:36,165	INFO	1	org.l2jmobius.gameserver.GameServer	-----------------------------------------------=[ IdManager ]
2022.10.31 01:07:36,170	INFO	1	org.l2jmobius.gameserver.instancemanager.IdManager	Updated characters online status.
2022.10.31 01:07:37,182	INFO	1	org.l2jmobius.gameserver.instancemanager.IdManager	IdManager: Cleaned 0 elements from database in 1 seconds.
2022.10.31 01:07:37,190	INFO	1	org.l2jmobius.gameserver.instancemanager.IdManager	IdManager: Cleaned 0 expired timestamps from database.
2022.10.31 01:07:37,198	INFO	1	org.l2jmobius.gameserver.instancemanager.IdManager	IdManager: 205824 id's available.
2022.10.31 01:07:37,198	INFO	1	org.l2jmobius.gameserver.GameServer	----------------------------------------=[ Scripting Engine ]
2022.10.31 01:07:37,377	INFO	1	org.l2jmobius.gameserver.scripting.ScriptEngineManager	Loaded 837 files to exclude.
2022.10.31 01:07:37,378	INFO	1	org.l2jmobius.gameserver.GameServer	--------------------------------------------------=[ Telnet ]
2022.10.31 01:07:37,568	INFO	1	org.l2jmobius.gameserver.network.telnet.TelnetServer	Telnet server is currently disabled.
2022.10.31 01:07:37,569	INFO	1	org.l2jmobius.gameserver.GameServer	---------------------------------------------------=[ World ]
2022.10.31 01:07:37,852	INFO	1	org.l2jmobius.gameserver.instancemanager.MapRegionManager	MapRegionManager: Loaded 61 map regions.
2022.10.31 01:07:37,858	INFO	1	org.l2jmobius.gameserver.instancemanager.ZoneManager	ZoneManager 19 by 18 Zone Region Grid set up.
2022.10.31 01:07:38,765	INFO	1	org.l2jmobius.gameserver.instancemanager.ZoneManager	ZoneManager: Loaded 34 zone classes and 2957 zones.
2022.10.31 01:07:38,776	INFO	1	org.l2jmobius.gameserver.instancemanager.ZoneManager	ZoneManager: Last static id 210110.
2022.10.31 01:07:39,296	INFO	1	org.l2jmobius.gameserver.data.xml.DoorData	DoorData: Loaded 1520 doors.
2022.10.31 01:07:39,344	INFO	1	FenceData	FenceData: Loaded 1 fences.
2022.10.31 01:07:39,496	INFO	1	org.l2jmobius.gameserver.instancemanager.GlobalVariablesManager	GlobalVariablesManager: Loaded 23 variables.
2022.10.31 01:07:39,497	INFO	1	org.l2jmobius.gameserver.GameServer	----------------------------------------------------=[ Data ]
2022.10.31 01:07:39,511	INFO	1	org.l2jmobius.gameserver.data.xml.ActionData	ActionData: Loaded 216 player actions.
2022.10.31 01:07:39,589	INFO	1	org.l2jmobius.gameserver.data.xml.CategoryData	CategoryData: Loaded 216 categories.
2022.10.31 01:07:39,598	INFO	1	org.l2jmobius.gameserver.data.xml.SecondaryAuthData	SecondaryAuthData: Loaded 328 forbidden passwords.
2022.10.31 01:07:45,726	INFO	1	org.l2jmobius.gameserver.data.ItemTable	ItemTable: Highest item id used: 96959
2022.10.31 01:07:45,747	INFO	1	org.l2jmobius.gameserver.data.ItemTable	ItemTable: Loaded 24150 Etc Items
2022.10.31 01:07:45,751	INFO	1	org.l2jmobius.gameserver.data.ItemTable	ItemTable: Loaded 12756 Armor Items
2022.10.31 01:07:45,776	INFO	1	org.l2jmobius.gameserver.data.ItemTable	ItemTable: Loaded 9112 Weapon Items
2022.10.31 01:07:45,776	INFO	1	org.l2jmobius.gameserver.data.ItemTable	ItemTable: Loaded 46018 Items in total.
2022.10.31 01:07:45,978	INFO	1	org.l2jmobius.gameserver.data.xml.CombinationItemsData	CombinationItemsData: Loaded 4421 combinations.
2022.10.31 01:07:46,055	INFO	1	org.l2jmobius.gameserver.data.xml.SayuneData	SayuneData: Loaded 71 maps.
2022.10.31 01:07:47,630	INFO	1	handlers.DailyMissionMasterHandler	DailyMissionMasterHandler:  Loaded 10 handlers.
2022.10.31 01:07:47,712	INFO	1	org.l2jmobius.gameserver.data.xml.DailyMissionData	DailyMissionData: Loaded 87 one day rewards.
2022.10.31 01:07:47,713	INFO	1	org.l2jmobius.gameserver.GameServer	--------------------------------------------------=[ Skills ]
2022.10.31 01:07:54,214	INFO	1	handlers.EffectMasterHandler	EffectMasterHandler: Loaded 389 effect handlers.
2022.10.31 01:07:54,250	INFO	1	org.l2jmobius.gameserver.data.xml.EnchantSkillGroupsData	EnchantSkillGroupsData: Loaded 20 enchant routes, max enchant set to 20.
2022.10.31 01:08:01,965	INFO	1	org.l2jmobius.gameserver.data.xml.SkillData	SkillData: Loaded 169946 Skills.
2022.10.31 01:08:03,393	INFO	1	org.l2jmobius.gameserver.data.xml.SkillTreeData	SkillTreeData: Loaded 19373 Class skills for 150 class skill trees.
2022.10.31 01:08:03,393	INFO	1	org.l2jmobius.gameserver.data.xml.SkillTreeData	SkillTreeData: Loaded 1 sub-class skills.
2022.10.31 01:08:03,393	INFO	1	org.l2jmobius.gameserver.data.xml.SkillTreeData	SkillTreeData: Loaded 33 dual-class skills.
2022.10.31 01:08:03,394	INFO	1	org.l2jmobius.gameserver.data.xml.SkillTreeData	SkillTreeData: Loaded 104 transfer skills for 3 transfer skill trees.
2022.10.31 01:08:03,394	INFO	1	org.l2jmobius.gameserver.data.xml.SkillTreeData	SkillTreeData: Loaded 18 race skills for 7 race skill trees.
2022.10.31 01:08:03,394	INFO	1	org.l2jmobius.gameserver.data.xml.SkillTreeData	SkillTreeData: Loaded 35 fishing skills, 8 Dwarven only fishing skills.
2022.10.31 01:08:03,394	INFO	1	org.l2jmobius.gameserver.data.xml.SkillTreeData	SkillTreeData: Loaded 3 collect skills.
2022.10.31 01:08:03,408	INFO	1	org.l2jmobius.gameserver.data.xml.SkillTreeData	SkillTreeData: Loaded 11 clan skills, 0 for clan and 11 residential.
2022.10.31 01:08:03,409	INFO	1	org.l2jmobius.gameserver.data.xml.SkillTreeData	SkillTreeData: Loaded 0 sub-pledge skills.
2022.10.31 01:08:03,410	INFO	1	org.l2jmobius.gameserver.data.xml.SkillTreeData	SkillTreeData: Loaded 32 transform skills.
2022.10.31 01:08:03,410	INFO	1	org.l2jmobius.gameserver.data.xml.SkillTreeData	SkillTreeData: Loaded 22 noble skills.
2022.10.31 01:08:03,411	INFO	1	org.l2jmobius.gameserver.data.xml.SkillTreeData	SkillTreeData: Loaded 4 hero skills.
2022.10.31 01:08:03,411	INFO	1	org.l2jmobius.gameserver.data.xml.SkillTreeData	SkillTreeData: Loaded 61 game master skills.
2022.10.31 01:08:03,411	INFO	1	org.l2jmobius.gameserver.data.xml.SkillTreeData	SkillTreeData: Loaded 61 game master aura skills.
2022.10.31 01:08:03,412	INFO	1	org.l2jmobius.gameserver.data.xml.SkillTreeData	SkillTreeData: Loaded 123 ability skills.
2022.10.31 01:08:03,412	INFO	1	org.l2jmobius.gameserver.data.xml.SkillTreeData	SkillTreeData: Loaded 113 alchemy skills.
2022.10.31 01:08:03,413	INFO	1	org.l2jmobius.gameserver.data.xml.SkillTreeData	SkillTreeData: Loaded 37 class awaken save skills.
2022.10.31 01:08:03,413	INFO	1	org.l2jmobius.gameserver.data.xml.SkillTreeData	SkillTreeData: Loaded 20 Revelation skills.
2022.10.31 01:08:03,413	INFO	1	org.l2jmobius.gameserver.data.xml.SkillTreeData	SkillTreeData: Loaded 35 common skills.
2022.10.31 01:08:03,457	INFO	1	org.l2jmobius.gameserver.data.xml.PetSkillData	PetSkillData: Loaded 1084 skills.
2022.10.31 01:08:03,457	INFO	1	org.l2jmobius.gameserver.GameServer	---------------------------------------------------=[ Items ]
2022.10.31 01:08:03,624	INFO	1	org.l2jmobius.gameserver.data.xml.EnchantItemGroupsData	EnchantItemGroupsData: Loaded 31 item group templates.
2022.10.31 01:08:03,625	INFO	1	org.l2jmobius.gameserver.data.xml.EnchantItemGroupsData	EnchantItemGroupsData: Loaded 5 scroll group templates.
2022.10.31 01:08:03,659	INFO	1	org.l2jmobius.gameserver.data.xml.EnchantItemData	EnchantItemData: Loaded 286 enchant scrolls.
2022.10.31 01:08:03,660	INFO	1	org.l2jmobius.gameserver.data.xml.EnchantItemData	EnchantItemData: Loaded 104 support items.
2022.10.31 01:08:03,759	INFO	1	org.l2jmobius.gameserver.data.xml.EnchantItemOptionsData	EnchantItemOptionsData: Loaded 353 items and 4710 options.
2022.10.31 01:08:03,830	INFO	1	org.l2jmobius.commons.util.IXmlReader	ElementalAttributeData: Loaded 139 elemental attribute items.
2022.10.31 01:08:03,856	INFO	1	org.l2jmobius.gameserver.data.xml.ItemCrystallizationData	ItemCrystallizationData: Loaded 13 crystallization templates.
2022.10.31 01:08:03,857	INFO	1	org.l2jmobius.gameserver.data.xml.ItemCrystallizationData	ItemCrystallizationData: Loaded 338 pre-defined crystallizable items.
2022.10.31 01:08:03,884	INFO	1	org.l2jmobius.gameserver.data.xml.ItemCrystallizationData	ItemCrystallizationData: Generated 5988 crystallizable items from templates.
2022.10.31 01:08:08,598	INFO	1	org.l2jmobius.gameserver.data.xml.OptionData	OptionData: Loaded 37581 options.
2022.10.31 01:08:08,762	INFO	1	VariationData	VariationData: Loaded 37 variations.
2022.10.31 01:08:08,762	INFO	1	VariationData	VariationData: Loaded 2463 fees.
2022.10.31 01:08:08,850	INFO	1	org.l2jmobius.gameserver.data.xml.EnsoulData	EnsoulData: Loaded 128 fees.
2022.10.31 01:08:08,853	INFO	1	org.l2jmobius.gameserver.data.xml.EnsoulData	EnsoulData: Loaded 1169 options.
2022.10.31 01:08:08,853	INFO	1	org.l2jmobius.gameserver.data.xml.EnsoulData	EnsoulData: Loaded 125 stones.
2022.10.31 01:08:08,873	INFO	1	org.l2jmobius.gameserver.data.xml.EnchantItemHPBonusData	EnchantItemHPBonusData: Loaded 12 enchant HP bonuses.
2022.10.31 01:08:14,338	INFO	1	org.l2jmobius.gameserver.data.xml.BuyListData	BuyListData: Loaded 921 buyLists.
2022.10.31 01:08:17,237	INFO	1	org.l2jmobius.gameserver.data.xml.MultisellData	MultisellData: Loaded 601 multisell lists.
2022.10.31 01:08:17,312	INFO	1	org.l2jmobius.gameserver.data.xml.EquipmentUpgradeData	EquipmentUpgradeData: Loaded 6931 upgrade equipment data.
2022.10.31 01:08:17,411	INFO	1	org.l2jmobius.gameserver.data.xml.AgathionData	AgathionData: Loaded 435 agathion data.
2022.10.31 01:08:17,541	INFO	1	org.l2jmobius.gameserver.data.xml.RecipeData	RecipeData: Loaded 1816 recipes.
2022.10.31 01:08:17,626	INFO	1	org.l2jmobius.gameserver.data.xml.ArmorSetData	ArmorSetData: Loaded 370 armor sets.
2022.10.31 01:08:17,644	INFO	1	org.l2jmobius.gameserver.data.xml.FishingData	FishingData: Loaded 9 bait and 14 rod data.
2022.10.31 01:08:17,725	INFO	1	org.l2jmobius.gameserver.data.xml.HennaData	HennaData: Loaded 549 henna data.
2022.10.31 01:08:17,745	INFO	1	org.l2jmobius.gameserver.data.xml.PrimeShopData	PrimeShopData: Loaded 99 items.
2022.10.31 01:08:17,760	INFO	1	org.l2jmobius.gameserver.data.xml.LimitShopData	LimitShopData: Loaded 44 items.
2022.10.31 01:08:17,783	INFO	1	org.l2jmobius.gameserver.data.xml.LimitShopData	LimitShopCraftData: Loaded 131 items.
2022.10.31 01:08:17,806	INFO	1	org.l2jmobius.gameserver.data.xml.CollectionData	CollectionData: Loaded 188 collections.
2022.10.31 01:08:17,921	INFO	1	org.l2jmobius.gameserver.data.xml.AppearanceItemData	AppearanceItemData: Loaded 1282 stones.
2022.10.31 01:08:17,950	INFO	1	org.l2jmobius.gameserver.data.xml.AlchemyData	AlchemyData: Loaded 114 alchemy craft skills.
2022.10.31 01:08:18,015	INFO	1	org.l2jmobius.commons.util.IXmlReader	LuckyGameData: Loaded 2 lucky game data.
2022.10.31 01:08:18,025	INFO	1	org.l2jmobius.gameserver.data.xml.AttendanceRewardData	AttendanceRewardData: Loaded 28 rewards.
2022.10.31 01:08:18,025	INFO	1	org.l2jmobius.gameserver.GameServer	----------------------------------------------=[ Characters ]
2022.10.31 01:08:18,037	INFO	1	org.l2jmobius.gameserver.data.xml.ClassListData	ClassListData: Loaded 158 class data.
2022.10.31 01:08:18,058	WARNING	1	org.l2jmobius.commons.util.IXmlReader	Could not parse file: initialEquipment.xml at line: 78, column: 66 :
2022.10.31 01:08:18,074	INFO	1	org.l2jmobius.gameserver.data.xml.InitialEquipmentData	InitialEquipmentData: Loaded 0 initial equipment data.
2022.10.31 01:08:18,096	INFO	1	org.l2jmobius.gameserver.data.xml.InitialShortcutData	InitialShortcutData: Loaded 5 initial global shortcuts data.
2022.10.31 01:08:18,096	INFO	1	org.l2jmobius.gameserver.data.xml.InitialShortcutData	InitialShortcutData: Loaded 5 initial shortcuts data.
2022.10.31 01:08:18,096	INFO	1	org.l2jmobius.gameserver.data.xml.InitialShortcutData	InitialShortcutData: Loaded 0 macro presets.
2022.10.31 01:08:18,115	INFO	1	org.l2jmobius.gameserver.data.xml.ExperienceData	ExperienceData: Loaded 131 levels.
2022.10.31 01:08:18,116	INFO	1	org.l2jmobius.gameserver.data.xml.ExperienceData	ExperienceData: Max Player Level is 130.
2022.10.31 01:08:18,116	INFO	1	org.l2jmobius.gameserver.data.xml.ExperienceData	ExperienceData: Max Pet Level is 99.
2022.10.31 01:08:18,133	INFO	1	org.l2jmobius.gameserver.data.xml.KarmaData	KarmaData: Loaded 130 karma modifiers.
2022.10.31 01:08:18,157	INFO	1	org.l2jmobius.gameserver.data.xml.HitConditionBonusData	HitConditionBonusData: Loaded hit condition bonuses.
2022.10.31 01:08:22,197	INFO	1	org.l2jmobius.gameserver.data.xml.PlayerTemplateData	PlayerTemplateData: Loaded 150 character templates.
2022.10.31 01:08:22,198	INFO	1	org.l2jmobius.gameserver.data.xml.PlayerTemplateData	PlayerTemplateData: Loaded 108000 level up gain records.
2022.10.31 01:08:22,199	INFO	1	org.l2jmobius.gameserver.data.xml.PlayerTemplateData	PlayerTemplateData: Generated 1500 level up gain records.
2022.10.31 01:08:22,202	INFO	1	org.l2jmobius.gameserver.data.sql.CharNameTable	CharNameTable: Loaded 17 char names.
2022.10.31 01:08:22,331	INFO	1	org.l2jmobius.gameserver.data.xml.AdminData	AdminData: Loaded 10 access levels.
2022.10.31 01:08:22,530	INFO	1	org.l2jmobius.gameserver.data.xml.AdminData	AdminData: Loaded 468 access commands.
2022.10.31 01:08:24,261	INFO	1	org.l2jmobius.gameserver.data.xml.PetDataTable	PetDataTable: Loaded 56 pets.
2022.10.31 01:08:24,871	INFO	1	org.l2jmobius.gameserver.data.xml.CubicData	CubicData: Loaded 25 cubics.
2022.10.31 01:08:24,924	INFO	1	org.l2jmobius.gameserver.GameServer	PremiumManager: Premium system is enabled.
2022.10.31 01:08:24,926	INFO	1	org.l2jmobius.gameserver.GameServer	---------------------------------------------------=[ Clans ]
2022.10.31 01:08:24,953	INFO	1	org.l2jmobius.gameserver.communitybbs.Manager.ForumsBBSManager	ForumsBBSManager: Loaded 7 forums. Last forum id used: 10
2022.10.31 01:08:25,524	INFO	1	org.l2jmobius.gameserver.data.sql.ClanTable	ClanTable: Restored 3 clans from the database.
2022.10.31 01:08:25,547	INFO	1	org.l2jmobius.gameserver.data.xml.ResidenceFunctionsData	ResidenceFunctionsData: Loaded 8 functions.
2022.10.31 01:08:25,775	INFO	1	org.l2jmobius.gameserver.data.xml.ClanHallData	ClanHallData: Succesfully loaded 57 clan halls.
2022.10.31 01:08:25,776	INFO	1	org.l2jmobius.gameserver.instancemanager.ClanHallAuctionManager	ClanHallAuctionManager: Clan Hall Auction has started!
2022.10.31 01:08:25,802	INFO	1	org.l2jmobius.gameserver.instancemanager.ClanEntryManager	ClanEntryManager: Loaded 0 clan entries.
2022.10.31 01:08:25,804	INFO	1	org.l2jmobius.gameserver.instancemanager.ClanEntryManager	ClanEntryManager: Loaded 0 players in waiting list.
2022.10.31 01:08:25,808	INFO	1	org.l2jmobius.gameserver.instancemanager.ClanEntryManager	ClanEntryManager: Loaded 0 player applications.
2022.10.31 01:08:25,833	INFO	1	org.l2jmobius.gameserver.data.xml.ClanMasteryData	ClanMasteryData: Loaded 16 clan masteries.
2022.10.31 01:08:25,847	INFO	1	org.l2jmobius.gameserver.data.xml.ClanShopData	ClanShopData: Loaded 13 clan shop products.
2022.10.31 01:08:25,848	INFO	1	org.l2jmobius.gameserver.GameServer	-------------------------------------------------=[ Geodata ]
2022.10.31 01:08:39,642	INFO	1	org.l2jmobius.gameserver.geoengine.GeoEngine	GeoEngine: Loaded 233 regions.
2022.10.31 01:08:39,642	INFO	1	org.l2jmobius.gameserver.GameServer	----------------------------------------------------=[ NPCs ]
2022.10.31 01:08:46,390	INFO	1	org.l2jmobius.gameserver.data.xml.NpcData	NpcData: Loaded 14682 NPCs.
2022.10.31 01:08:46,422	WARNING	1	org.l2jmobius.gameserver.data.xml.SkillData	SkillData: Call to unexisting skill level id: 345 requested level: 100 max level: 17.
2022.10.31 01:08:46,423	WARNING	1	org.l2jmobius.gameserver.data.xml.SkillData	SkillData: Call to unexisting skill level id: 11057 requested level: 13 max level: 11.
2022.10.31 01:08:46,423	WARNING	1	org.l2jmobius.gameserver.data.xml.SkillData	SkillData: Call to unexisting skill level id: 10508 requested level: 375 max level: 13.
2022.10.31 01:08:46,455	INFO	1	org.l2jmobius.gameserver.data.xml.NpcData	NpcData: Loaded 26 custom NPCs.
2022.10.31 01:08:46,474	INFO	1	org.l2jmobius.gameserver.data.xml.FakePlayerData	FakePlayerData: Loaded 14 templates.
2022.10.31 01:08:46,483	INFO	1	org.l2jmobius.gameserver.instancemanager.FakePlayerChatManager	FakePlayerChatManager: Loaded 19 chat templates.
2022.10.31 01:08:49,432	WARNING	1	org.l2jmobius.gameserver.data.xml.SpawnData	SpawnData: Error while processing spawn in file: F:\l2ServerMain\Server\game\data\spawns\Others\del.xml
2022.10.31 01:08:49,707	INFO	1	org.l2jmobius.gameserver.data.xml.SpawnData	SpawnData: Loaded 62084 spawns
2022.10.31 01:08:49,772	INFO	1	org.l2jmobius.gameserver.instancemanager.WalkingManager	WalkingManager: Loaded 197 walking routes.
2022.10.31 01:08:49,808	INFO	1	org.l2jmobius.gameserver.data.xml.StaticObjectData	StaticObjectData: Loaded 86 static object templates.
2022.10.31 01:08:49,907	INFO	1	org.l2jmobius.gameserver.model.itemauction.ItemAuctionInstance	ItemAuctionInstance: Loaded 21 item(s) and registered 2 auction(s) for instance 34328
2022.10.31 01:08:49,913	INFO	1	org.l2jmobius.gameserver.model.itemauction.ItemAuctionInstance	ItemAuctionInstance: Schedule next auction 2 on 17:00:00 05.11.22 for instance 34328
2022.10.31 01:08:49,913	INFO	1	org.l2jmobius.gameserver.instancemanager.ItemAuctionManager	ItemAuctionManager: Loaded 1 instances.
2022.10.31 01:08:50,094	INFO	1	org.l2jmobius.gameserver.instancemanager.InstanceManager	InstanceManager: Loaded 325 instance names.
2022.10.31 01:08:50,948	INFO	1	org.l2jmobius.gameserver.instancemanager.InstanceManager	InstanceManager: Loaded 159 instance templates.
2022.10.31 01:08:50,988	INFO	1	org.l2jmobius.gameserver.instancemanager.InstanceManager	InstanceManager: Loaded instance reenter times for 0 players.
2022.10.31 01:08:51,186	INFO	1	org.l2jmobius.gameserver.instancemanager.CastleManager	CastleManager: Loaded 9 castles.
2022.10.31 01:08:51,194	INFO	1	org.l2jmobius.gameserver.instancemanager.GrandBossManager	GrandBossManager: Fafurion(19740) status is 0
2022.10.31 01:08:51,194	INFO	1	org.l2jmobius.gameserver.instancemanager.GrandBossManager	GrandBossManager: Kelbim(26124) status is 0
2022.10.31 01:08:51,194	INFO	1	org.l2jmobius.gameserver.instancemanager.GrandBossManager	GrandBossManager: Core(29006) status is 1
2022.10.31 01:08:51,203	INFO	1	org.l2jmobius.gameserver.instancemanager.GrandBossManager	GrandBossManager: Next spawn date of Core is Wed Nov 02 00:48:19 MSK 2022
2022.10.31 01:08:51,203	INFO	1	org.l2jmobius.gameserver.instancemanager.GrandBossManager	GrandBossManager: Baium(29020) status is 0
2022.10.31 01:08:51,203	INFO	1	org.l2jmobius.gameserver.instancemanager.GrandBossManager	GrandBossManager: Valakas(29028) status is 3
2022.10.31 01:08:51,203	INFO	1	org.l2jmobius.gameserver.instancemanager.GrandBossManager	GrandBossManager: Next spawn date of Valakas is Sat Nov 05 16:32:22 MSK 2022
2022.10.31 01:08:51,203	INFO	1	org.l2jmobius.gameserver.instancemanager.GrandBossManager	GrandBossManager: Antharas(29068) status is 0
2022.10.31 01:08:51,204	INFO	1	org.l2jmobius.gameserver.instancemanager.GrandBossManager	GrandBossManager: Beleth(29118) status is 0
2022.10.31 01:08:51,204	INFO	1	org.l2jmobius.gameserver.instancemanager.GrandBossManager	GrandBossManager: Earth Wyrm Trasken(29197) status is 0
2022.10.31 01:08:51,204	INFO	1	org.l2jmobius.gameserver.instancemanager.GrandBossManager	GrandBossManager: Lindvior(29240) status is 0
2022.10.31 01:08:51,204	INFO	1	org.l2jmobius.gameserver.instancemanager.GrandBossManager	GrandBossManager: Helios(29305) status is 0
2022.10.31 01:08:51,204	INFO	1	org.l2jmobius.gameserver.instancemanager.GrandBossManager	GrandBossManager: Orfen(29325) status is 0
2022.10.31 01:08:51,204	INFO	1	org.l2jmobius.gameserver.instancemanager.GrandBossManager	GrandBossManager: Lilith(29336) status is 0
2022.10.31 01:08:51,204	INFO	1	org.l2jmobius.gameserver.instancemanager.GrandBossManager	GrandBossManager: Anakim(29348) status is 0
2022.10.31 01:08:51,204	INFO	1	org.l2jmobius.gameserver.instancemanager.GrandBossManager	GrandBossManager: Queen Ant(29381) status is 0
2022.10.31 01:08:51,205	INFO	1	org.l2jmobius.gameserver.instancemanager.GrandBossManager	GrandBossManager: Loaded 14 instances.
2022.10.31 01:08:51,236	INFO	1	org.l2jmobius.commons.util.IXmlReader	HomunculusData: Loaded 30 templates.
2022.10.31 01:08:51,249	INFO	1	org.l2jmobius.commons.util.IXmlReader	HomunculusSlotData: Loaded 9 templates.
2022.10.31 01:08:51,256	INFO	1	org.l2jmobius.commons.util.IXmlReader	HomunculusCreationData: Loaded 2 templates.
2022.10.31 01:08:51,257	INFO	1	org.l2jmobius.gameserver.GameServer	------------------------------------------------=[ Instance ]
2022.10.31 01:08:51,257	INFO	1	org.l2jmobius.gameserver.GameServer	------------------------------------------------=[ Olympiad ]
2022.10.31 01:08:51,296	INFO	1	org.l2jmobius.gameserver.model.olympiad.Olympiad	Olympiad System: Loading....
2022.10.31 01:08:51,296	INFO	1	org.l2jmobius.gameserver.model.olympiad.Olympiad	Olympiad System: Currently in Olympiad Period
2022.10.31 01:08:51,298	INFO	1	org.l2jmobius.gameserver.model.olympiad.Olympiad	Olympiad System: 32331 minutes until period ends
2022.10.31 01:08:51,298	INFO	1	org.l2jmobius.gameserver.model.olympiad.Olympiad	Olympiad System: Next weekly change is in 9783 minutes
2022.10.31 01:08:51,298	INFO	1	org.l2jmobius.gameserver.model.olympiad.Olympiad	Olympiad System: Loaded 8 Nobles
2022.10.31 01:08:51,302	INFO	1	org.l2jmobius.gameserver.model.olympiad.Olympiad	Olympiad System: Competition Period Starts in 0 days, 0 hours and 0 mins.
2022.10.31 01:08:51,303	INFO	1	org.l2jmobius.gameserver.model.olympiad.Olympiad	Olympiad System: Event starts/started: Mon Oct 31 00:00:51 MSK 2022
2022.10.31 01:08:51,308	INFO	1	org.l2jmobius.gameserver.model.olympiad.Hero	Hero System: Loaded 0 Heroes.
2022.10.31 01:08:51,308	INFO	1	org.l2jmobius.gameserver.model.olympiad.Hero	Hero System: Loaded 0 all time Heroes.
2022.10.31 01:08:51,308	INFO	1	org.l2jmobius.gameserver.GameServer	---------------------------------------------------=[ Cache ]
2022.10.31 01:08:51,325	INFO	1	org.l2jmobius.gameserver.cache.HtmCache	Html cache start...
2022.10.31 01:08:51,351	INFO	37	org.l2jmobius.gameserver.model.olympiad.Olympiad	Olympiad System: Olympiad Games have started.
2022.10.31 01:08:52,506	INFO	37	org.l2jmobius.gameserver.instancemanager.DBSpawnManager	DBSpawnManager: Loaded 33 instances.
2022.10.31 01:08:52,508	INFO	37	org.l2jmobius.gameserver.instancemanager.DBSpawnManager	DBSpawnManager: Scheduled 0 instances.
2022.10.31 01:08:52,719	WARNING	1	org.l2jmobius.gameserver.cache.HtmCache	HTML encoding check: File data/html/CommunityBoard/Custom/buffer/main.html contains non ASCII content.
2022.10.31 01:08:52,738	WARNING	1	org.l2jmobius.gameserver.cache.HtmCache	HTML encoding check: File data/html/CommunityBoard/Custom/donationmerchant/main.html contains non ASCII content.
2022.10.31 01:08:52,769	INFO	37	org.l2jmobius.gameserver.model.olympiad.OlympiadGameManager	Olympiad System: Loaded 80 stadiums.
2022.10.31 01:08:52,778	WARNING	1	org.l2jmobius.gameserver.cache.HtmCache	HTML encoding check: File data/html/CommunityBoard/Custom/home.html contains non ASCII content.
2022.10.31 01:08:52,802	WARNING	1	org.l2jmobius.gameserver.cache.HtmCache	HTML encoding check: File data/html/CommunityBoard/Custom/merchant/main.html contains non ASCII content.
2022.10.31 01:08:52,816	WARNING	1	org.l2jmobius.gameserver.cache.HtmCache	HTML encoding check: File data/html/CommunityBoard/Custom/navigation.html contains non ASCII content.
2022.10.31 01:08:52,830	WARNING	1	org.l2jmobius.gameserver.cache.HtmCache	HTML encoding check: File data/html/CommunityBoard/Custom/outlook/main.html contains non ASCII content.
2022.10.31 01:08:55,537	INFO	1	org.l2jmobius.gameserver.cache.HtmCache	Cache[HTML]: 4,248 megabytes on 6380 files loaded.
2022.10.31 01:08:55,589	INFO	1	org.l2jmobius.gameserver.data.sql.CrestTable	CrestTable: Loaded 3 Crests.
2022.10.31 01:08:55,603	INFO	1	org.l2jmobius.gameserver.data.xml.TeleportListData	TeleportListData: Loaded 102 teleports.
2022.10.31 01:08:56,836	INFO	1	org.l2jmobius.gameserver.data.xml.TeleporterData	TeleporterData: Loaded 168 npc teleporters.
2022.10.31 01:08:56,929	INFO	1	org.l2jmobius.gameserver.data.xml.TimedHuntingZoneData	TimedHuntingZoneData: Loaded 8 timed hunting zones.
2022.10.31 01:08:56,948	WARNING	1	org.l2jmobius.commons.util.IXmlReader	Could not parse file: CursedWeapons.xml at line: 9, column: 9 :
2022.10.31 01:08:56,950	INFO	1	org.l2jmobius.gameserver.instancemanager.CursedWeaponsManager	CursedWeaponsManager: Loaded 0 cursed weapons.
2022.10.31 01:08:58,559	INFO	1	org.l2jmobius.gameserver.data.xml.TransformData	TransformData: Loaded 180 transform templates.
2022.10.31 01:08:58,581	INFO	1	org.l2jmobius.gameserver.data.BotReportTable	BotReportTable: Loaded 0 bot reports
2022.10.31 01:08:58,596	INFO	1	org.l2jmobius.gameserver.instancemanager.SellBuffsManager	SellBuffsManager: Loaded 145 allowed buffs.
2022.10.31 01:08:58,596	INFO	1	org.l2jmobius.gameserver.GameServer	-------------------------------------------------=[ Scripts ]
2022.10.31 01:08:58,627	INFO	1	org.l2jmobius.gameserver.instancemanager.AirShipManager	AirShipManager: Loaded 0 private airships
2022.10.31 01:08:58,674	INFO	1	org.l2jmobius.gameserver.data.xml.ShuttleData	ShuttleData: Loaded 3 shuttles.
2022.10.31 01:08:58,676	INFO	1	org.l2jmobius.gameserver.GameServer	GameServer: Loading server scripts:
2022.10.31 01:09:08,562	INFO	1	handlers.MasterHandler	Loading Handlers...
2022.10.31 01:09:08,746	INFO	1	handlers.MasterHandler	ActionHandler: Loaded 10 handlers.
2022.10.31 01:09:08,746	INFO	1	handlers.MasterHandler	ActionShiftHandler: Loaded 6 handlers.
2022.10.31 01:09:08,746	INFO	1	handlers.MasterHandler	AdminCommandHandler: Loaded 461 handlers.
2022.10.31 01:09:08,746	INFO	1	handlers.MasterHandler	BypassHandler: Loaded 30 handlers.
2022.10.31 01:09:08,746	INFO	1	handlers.MasterHandler	ChatHandler: Loaded 14 handlers.
2022.10.31 01:09:08,747	INFO	1	handlers.MasterHandler	CommunityBoardHandler: Loaded 26 handlers.
2022.10.31 01:09:08,747	INFO	1	handlers.MasterHandler	ItemHandler: Loaded 33 handlers.
2022.10.31 01:09:08,747	INFO	1	handlers.MasterHandler	PunishmentHandler: Loaded 3 handlers.
2022.10.31 01:09:08,747	INFO	1	handlers.MasterHandler	UserCommandHandler: Loaded 16 handlers.
2022.10.31 01:09:08,747	INFO	1	handlers.MasterHandler	VoicedCommandHandler: Loaded 12 handlers.
2022.10.31 01:09:08,747	INFO	1	handlers.MasterHandler	TargetHandler: Loaded 21 handlers.
2022.10.31 01:09:08,747	INFO	1	handlers.MasterHandler	AffectObjectHandler: Loaded 11 handlers.
2022.10.31 01:09:08,747	INFO	1	handlers.MasterHandler	AffectScopeHandler: Loaded 19 handlers.
2022.10.31 01:09:08,747	INFO	1	handlers.MasterHandler	PlayerActionHandler: Loaded 24 handlers.
2022.10.31 01:09:08,747	INFO	1	handlers.MasterHandler	Handlers Loaded...
2022.10.31 01:09:19,112	INFO	1	ai.areas.FantasyIsle.HandysBlockCheckerEvent	Handy's Block Checker Event is enabled
2022.10.31 01:09:19,121	INFO	1	ai.areas.FantasyIsle.Parade	Fantasy Isle: Parade starting at 2022/10/31 01:20 and is scheduled each next 1 hours.
2022.10.31 01:09:19,134	INFO	1	ai.areas.FantasyIsle.TalentShow	Fantasy Isle: MC show script starting at 31/10/2022 15:44:19 and is scheduled each next 4 hours.
2022.10.31 01:09:19,478	INFO	1	org.l2jmobius.gameserver.instancemanager.GrandBossManager	GrandBossManager: Updated Anakim(29348) status to 0.
2022.10.31 01:09:19,517	INFO	1	org.l2jmobius.gameserver.instancemanager.GrandBossManager	GrandBossManager: Updated Etis van Etina(29318) status to 0.
2022.10.31 01:09:19,542	INFO	1	org.l2jmobius.gameserver.instancemanager.GrandBossManager	GrandBossManager: Updated Fafurion(19740) status to 0.
2022.10.31 01:09:19,564	INFO	1	org.l2jmobius.gameserver.instancemanager.GrandBossManager	GrandBossManager: Updated Helios(29305) status to 0.
2022.10.31 01:09:19,596	INFO	1	org.l2jmobius.gameserver.instancemanager.GrandBossManager	GrandBossManager: Updated Lilith(29336) status to 0.
2022.10.31 01:09:19,617	INFO	1	org.l2jmobius.gameserver.instancemanager.GrandBossManager	GrandBossManager: Updated Lindvior(29240) status to 0.
2022.10.31 01:09:19,707	INFO	1	ai.bosses.Tiat.Stage1	[Seed of Destruction] Loaded 51 spawn zones data.
2022.10.31 01:09:19,823	INFO	1	ai.others.ClassMaster.ClassMaster	ClassMaster: Loaded 0 class change options.
2022.10.31 01:09:19,942	INFO	1	ai.others.MentorGuide.MentorGuide	MentorGuide: Loaded 4 mentee coins
2022.10.31 01:09:19,990	INFO	1	ai.others.NpcBuffers.NpcBuffersData	NpcBuffersData: Loaded 6 buffers data.
2022.10.31 01:09:20,183	INFO	1	org.l2jmobius.gameserver.model.quest.Quest	Event Balthus Event has passed... Ignored 
2022.10.31 01:09:20,187	INFO	1	org.l2jmobius.gameserver.model.quest.Quest	Event Birth of Draco has passed... Ignored 
2022.10.31 01:09:20,194	INFO	1	org.l2jmobius.gameserver.model.quest.Quest	Event Dragon Slayer has passed... Ignored 
2022.10.31 01:09:20,199	INFO	1	org.l2jmobius.gameserver.model.quest.Quest	Event Dream Maker has passed... Ignored 
2022.10.31 01:09:20,218	INFO	1	org.l2jmobius.gameserver.model.quest.Quest	Event Eve the Fortune Teller active till Tue Dec 18 00:00:00 MSK 2029
2022.10.31 01:09:20,240	INFO	1	org.l2jmobius.gameserver.model.quest.Quest	Event Freya Celebration has passed... Ignored 
2022.10.31 01:09:20,250	INFO	1	org.l2jmobius.gameserver.model.quest.Quest	Event Gift of Vitality has passed... Ignored 
2022.10.31 01:09:20,279	INFO	1	org.l2jmobius.gameserver.model.quest.Quest	Event Halloween active till Tue Nov 22 00:00:00 MSK 2022
2022.10.31 01:09:20,307	INFO	1	org.l2jmobius.gameserver.model.quest.Quest	Event Heavy Medal has passed... Ignored 
2022.10.31 01:09:20,314	INFO	1	org.l2jmobius.gameserver.model.quest.Quest	Event Hungry Horse has passed... Ignored 
2022.10.31 01:09:20,323	INFO	1	org.l2jmobius.gameserver.model.quest.Quest	Event Hunt for Santa has passed... Ignored 
2022.10.31 01:09:20,332	INFO	1	org.l2jmobius.gameserver.model.quest.Quest	Event Legend's Mark has passed... Ignored 
2022.10.31 01:09:20,361	INFO	1	org.l2jmobius.gameserver.model.quest.Quest	Event Letter Collector has passed... Ignored 
2022.10.31 01:09:20,375	INFO	1	org.l2jmobius.gameserver.model.quest.Quest	Event Lovers Jubilee has passed... Ignored 
2022.10.31 01:09:20,390	INFO	1	org.l2jmobius.gameserver.model.quest.Quest	Event Love Your Gatekeeper has passed... Ignored 
2022.10.31 01:09:20,395	INFO	1	org.l2jmobius.gameserver.model.quest.Quest	Event Master of Enchanting has passed... Ignored 
2022.10.31 01:09:20,449	INFO	1	org.l2jmobius.gameserver.model.quest.Quest	Event Red Libra active till Mon Nov 07 00:00:00 MSK 2022
2022.10.31 01:09:20,466	INFO	1	org.l2jmobius.gameserver.model.quest.Quest	Event Rudolphs Blessing has passed... Ignored 
2022.10.31 01:09:20,489	INFO	1	org.l2jmobius.gameserver.model.quest.Quest	Event Saving Santa has passed... Ignored 
2022.10.31 01:09:20,494	INFO	1	org.l2jmobius.gameserver.model.quest.Quest	Event The Power Of Love has passed... Ignored 
2022.10.31 01:09:20,499	INFO	1	org.l2jmobius.gameserver.model.quest.Quest	Event Training with Dandy has passed... Ignored 
2022.10.31 01:09:20,764	INFO	1	org.l2jmobius.gameserver.data.xml.SpawnData	SpawnData: Initializing spawns...
2022.10.31 01:09:41,064	INFO	1	org.l2jmobius.gameserver.data.xml.SpawnData	SpawnData: All spawns has been initialized!
2022.10.31 01:09:41,064	INFO	1	org.l2jmobius.gameserver.GameServer	---------------------------------------------------=[ Siege ]
2022.10.31 01:09:41,091	INFO	1	org.l2jmobius.gameserver.model.siege.Siege	Siege of Gludio: Sun Nov 06 16:00:00 MSK 2022
2022.10.31 01:09:41,092	INFO	1	org.l2jmobius.gameserver.model.siege.Siege	Siege of Dion: Sun Nov 06 20:00:00 MSK 2022
2022.10.31 01:09:41,093	INFO	1	org.l2jmobius.gameserver.model.siege.Siege	Siege of Giran: Sun Nov 06 16:00:00 MSK 2022
2022.10.31 01:09:41,094	INFO	1	org.l2jmobius.gameserver.model.siege.Siege	Siege of Oren: Sun Nov 06 20:00:00 MSK 2022
2022.10.31 01:09:41,095	INFO	1	org.l2jmobius.gameserver.model.siege.Siege	Siege of Aden: Sun Nov 06 16:00:00 MSK 2022
2022.10.31 01:09:41,096	INFO	1	org.l2jmobius.gameserver.model.siege.Siege	Siege of Innadril: Sun Nov 06 20:00:00 MSK 2022
2022.10.31 01:09:41,096	INFO	1	org.l2jmobius.gameserver.model.siege.Siege	Siege of Goddard: Sun Nov 06 16:00:00 MSK 2022
2022.10.31 01:09:41,097	INFO	1	org.l2jmobius.gameserver.model.siege.Siege	Siege of Rune: Sun Nov 06 20:00:00 MSK 2022
2022.10.31 01:09:41,099	INFO	1	org.l2jmobius.gameserver.model.siege.Siege	Siege of Schuttgart: Sun Nov 06 16:00:00 MSK 2022
2022.10.31 01:09:41,360	INFO	1	org.l2jmobius.gameserver.instancemanager.FortManager	FortManager: Loaded 20 fortress.
2022.10.31 01:09:41,581	INFO	1	org.l2jmobius.gameserver.data.xml.SiegeScheduleData	SiegeScheduleData: Loaded 9 siege schedulers.
2022.10.31 01:09:41,602	INFO	1	org.l2jmobius.gameserver.instancemanager.CastleManorManager	CastleManorManager: Loaded 258 seeds.
2022.10.31 01:09:41,702	INFO	1	org.l2jmobius.gameserver.instancemanager.CastleManorManager	CastleManorManager: Manor data loaded.
2022.10.31 01:09:41,757	INFO	1	org.l2jmobius.gameserver.instancemanager.SiegeGuardManager	SiegeGuardManager: Loaded 0 siege guards tickets.
2022.10.31 01:09:41,757	INFO	1	org.l2jmobius.gameserver.instancemanager.QuestManager	QuestManager: Loaded 56 quests.
2022.10.31 01:09:41,757	INFO	1	org.l2jmobius.gameserver.instancemanager.QuestManager	QuestManager: Loaded 428 scripts.
2022.10.31 01:09:41,902	INFO	1	org.l2jmobius.gameserver.taskmanager.TaskManager	TaskManager: Loaded 5 Tasks.
2022.10.31 01:09:41,905	INFO	1	org.l2jmobius.gameserver.instancemanager.DailyTaskManager	DailyTaskManager: Next schedule at 31/10 06:30.
2022.10.31 01:09:41,909	INFO	1	org.l2jmobius.gameserver.instancemanager.MailManager	MailManager: Loaded 5 messages.
2022.10.31 01:09:41,920	INFO	1	org.l2jmobius.gameserver.instancemanager.PunishmentManager	PunishmentManager: Loaded 0 active and 0 expired punishments.
2022.10.31 01:09:41,921	INFO	1	org.l2jmobius.gameserver.GameServer	IdManager: Free ObjectID's remaining: 1878973111
2022.10.31 01:09:41,923	INFO	1	org.l2jmobius.gameserver.data.sql.OfflineTraderTable	OfflineTraderTable: Loading offline traders...
2022.10.31 01:09:41,924	INFO	1	org.l2jmobius.gameserver.data.sql.OfflineTraderTable	OfflineTraderTable: Loaded 0 offline traders.
2022.10.31 01:09:43,208	INFO	1	org.l2jmobius.gameserver.GameServer	GameServer: Started, using 2717 of 6144 MB total memory.
2022.10.31 01:09:43,208	INFO	1	org.l2jmobius.gameserver.GameServer	GameServer: Maximum number of connected players is 2000.
2022.10.31 01:09:43,208	INFO	1	org.l2jmobius.gameserver.GameServer	GameServer: Server loaded in 130 seconds.
2022.10.31 01:09:43,806	INFO	1	org.l2jmobius.commons.network.NetworkManager	ClientNetworkManager: Listening on 192.168.1.66:7777
2022.10.31 01:09:43,867	INFO	59	org.l2jmobius.gameserver.LoginServerThread	LoginServerThread: Connecting to login on 192.168.1.66:9014
2022.10.31 01:09:44,034	INFO	59	org.l2jmobius.gameserver.LoginServerThread	LoginServerThread: Registered on login as Server 2: Sieghardt
2022.10.31 01:39:42,772	INFO	42	org.l2jmobius.gameserver.instancemanager.GlobalVariablesManager	GlobalVariablesManager: Stored 23 variables.
2022.10.31 01:39:42,774	INFO	42	org.l2jmobius.gameserver.instancemanager.DailyTaskManager	Olympiad System: Data updated.
2022.10.31 01:46:23,102	WARNING	21	org.l2jmobius.gameserver.Shutdown	Server scheduled restart issued shutdown command. Restart in 10 seconds!
2022.10.31 01:46:33,122	WARNING	76	org.l2jmobius.gameserver.Shutdown	GM shutdown countdown is over. restarting NOW!
2022.10.31 01:46:33,126	INFO	56	org.l2jmobius.gameserver.Shutdown	All players disconnected and saved(0ms).
2022.10.31 01:46:33,126	INFO	56	org.l2jmobius.gameserver.Shutdown	Movement Task Manager: Thread interruped(1ms).
2022.10.31 01:46:33,127	INFO	56	org.l2jmobius.gameserver.Shutdown	Game Time Task Manager: Thread interruped(1ms).
2022.10.31 01:46:33,131	INFO	56	org.l2jmobius.commons.threads.ThreadPool	ThreadPool: Shutting down.
2022.10.31 01:46:33,133	INFO	56	org.l2jmobius.gameserver.Shutdown	Thread Pool Manager: Manager has been shut down(6ms).
2022.10.31 01:46:33,137	INFO	56	org.l2jmobius.gameserver.Shutdown	Login Server Thread: Thread interruped(0ms).
2022.10.31 01:46:33,137	INFO	56	org.l2jmobius.gameserver.network.telnet.TelnetServer	Shutting down..
2022.10.31 01:46:33,138	INFO	56	org.l2jmobius.gameserver.Shutdown	Telnet Server Thread: Thread interruped(5ms).
2022.10.31 01:46:33,138	INFO	56	org.l2jmobius.gameserver.Shutdown	GM restart received. Restarting NOW!
2022.10.31 01:46:33,195	INFO	56	org.l2jmobius.gameserver.Shutdown	RaidBossSpawnManager: All raidboss info saved(57ms).
2022.10.31 01:46:33,205	INFO	56	org.l2jmobius.gameserver.Shutdown	GrandBossManager: All Grand Boss info saved(10ms).
2022.10.31 01:46:33,206	INFO	56	org.l2jmobius.gameserver.Shutdown	Item Auction Manager: All tasks stopped(1ms).
2022.10.31 01:46:33,235	INFO	56	org.l2jmobius.gameserver.Shutdown	Olympiad System: Data saved(29ms).
2022.10.31 01:46:33,237	INFO	56	org.l2jmobius.gameserver.Shutdown	Hero System: Data saved(1ms).
2022.10.31 01:46:33,239	INFO	56	org.l2jmobius.gameserver.Shutdown	Clan System: Data saved(3ms).
2022.10.31 01:46:33,240	INFO	56	org.l2jmobius.gameserver.Shutdown	Cursed Weapons Manager: Data saved(1ms).
2022.10.31 01:46:33,260	INFO	56	org.l2jmobius.gameserver.Shutdown	Castle Manor Manager: Data saved(20ms).
2022.10.31 01:46:33,262	INFO	56	org.l2jmobius.gameserver.Shutdown	Quest Manager: Data saved(2ms).
2022.10.31 01:46:33,803	INFO	56	org.l2jmobius.gameserver.instancemanager.GlobalVariablesManager	GlobalVariablesManager: Stored 23 variables.
2022.10.31 01:46:33,804	INFO	56	org.l2jmobius.gameserver.Shutdown	Global Variables Manager: Variables saved(541ms).
2022.10.31 01:46:33,831	INFO	56	org.l2jmobius.gameserver.Shutdown	Bot Report Table: Successfully saved reports to database!
2022.10.31 01:46:38,843	INFO	56	org.l2jmobius.gameserver.Shutdown	Game Server: Selector thread has been shut down(2ms).
2022.10.31 01:46:39,035	INFO	56	org.l2jmobius.gameserver.Shutdown	Database Factory: Database connection has been shut down(192ms).
