2022.10.31 01:46:41,837	INFO	1	org.l2jmobius.commons.util.IXmlReader	Network Config: ipconfig.xml exists using manual configuration...
2022.10.31 01:46:42,005	INFO	1	org.l2jmobius.Config	Loaded 6 Filter Words.
2022.10.31 01:46:42,025	INFO	1	org.l2jmobius.gameserver.GameServer	------------------------------------------------=[ Database ]
2022.10.31 01:46:42,500	INFO	22	org.l2jmobius.gameserver.model.World	World: (288 by 272) World Region Grid set up.
2022.10.31 01:46:44,347	INFO	1	org.l2jmobius.commons.database.DatabaseFactory	Database: Initialized.
2022.10.31 01:46:44,347	INFO	1	org.l2jmobius.gameserver.GameServer	----------------------------------------------=[ ThreadPool ]
2022.10.31 01:46:44,348	INFO	1	org.l2jmobius.commons.threads.ThreadPool	ThreadPool: Initialized
2022.10.31 01:46:44,349	INFO	1	org.l2jmobius.commons.threads.ThreadPool	...4 scheduled pool executors with 16 total threads.
2022.10.31 01:46:44,350	INFO	1	org.l2jmobius.commons.threads.ThreadPool	...4 instant pool executors with 8 total threads.
2022.10.31 01:46:44,355	INFO	1	org.l2jmobius.gameserver.GameServer	-----------------------------------------------=[ IdManager ]
2022.10.31 01:46:44,358	INFO	1	org.l2jmobius.gameserver.instancemanager.IdManager	Updated characters online status.
2022.10.31 01:46:44,576	INFO	1	org.l2jmobius.gameserver.instancemanager.IdManager	IdManager: Cleaned 0 elements from database in 0 seconds.
2022.10.31 01:46:44,584	INFO	1	org.l2jmobius.gameserver.instancemanager.IdManager	IdManager: Cleaned 0 expired timestamps from database.
2022.10.31 01:46:44,591	INFO	1	org.l2jmobius.gameserver.instancemanager.IdManager	IdManager: 205824 id's available.
2022.10.31 01:46:44,591	INFO	1	org.l2jmobius.gameserver.GameServer	----------------------------------------=[ Scripting Engine ]
2022.10.31 01:46:44,750	INFO	1	org.l2jmobius.gameserver.scripting.ScriptEngineManager	Loaded 837 files to exclude.
2022.10.31 01:46:44,750	INFO	1	org.l2jmobius.gameserver.GameServer	--------------------------------------------------=[ Telnet ]
2022.10.31 01:46:44,916	INFO	1	org.l2jmobius.gameserver.network.telnet.TelnetServer	Telnet server is currently disabled.
2022.10.31 01:46:44,916	INFO	1	org.l2jmobius.gameserver.GameServer	---------------------------------------------------=[ World ]
2022.10.31 01:46:45,170	INFO	1	org.l2jmobius.gameserver.instancemanager.MapRegionManager	MapRegionManager: Loaded 61 map regions.
2022.10.31 01:46:45,175	INFO	1	org.l2jmobius.gameserver.instancemanager.ZoneManager	ZoneManager 19 by 18 Zone Region Grid set up.
2022.10.31 01:46:45,850	INFO	1	org.l2jmobius.gameserver.instancemanager.ZoneManager	ZoneManager: Loaded 34 zone classes and 2957 zones.
2022.10.31 01:46:45,858	INFO	1	org.l2jmobius.gameserver.instancemanager.ZoneManager	ZoneManager: Last static id 210110.
2022.10.31 01:46:46,285	INFO	1	org.l2jmobius.gameserver.data.xml.DoorData	DoorData: Loaded 1520 doors.
2022.10.31 01:46:46,299	INFO	1	FenceData	FenceData: Loaded 1 fences.
2022.10.31 01:46:46,310	INFO	1	org.l2jmobius.gameserver.instancemanager.GlobalVariablesManager	GlobalVariablesManager: Loaded 23 variables.
2022.10.31 01:46:46,310	INFO	1	org.l2jmobius.gameserver.GameServer	----------------------------------------------------=[ Data ]
2022.10.31 01:46:46,324	INFO	1	org.l2jmobius.gameserver.data.xml.ActionData	ActionData: Loaded 216 player actions.
2022.10.31 01:46:46,382	INFO	1	org.l2jmobius.gameserver.data.xml.CategoryData	CategoryData: Loaded 216 categories.
2022.10.31 01:46:46,391	INFO	1	org.l2jmobius.gameserver.data.xml.SecondaryAuthData	SecondaryAuthData: Loaded 328 forbidden passwords.
2022.10.31 01:46:51,207	INFO	1	org.l2jmobius.gameserver.data.ItemTable	ItemTable: Highest item id used: 96959
2022.10.31 01:46:51,251	INFO	1	org.l2jmobius.gameserver.data.ItemTable	ItemTable: Loaded 24150 Etc Items
2022.10.31 01:46:51,252	INFO	1	org.l2jmobius.gameserver.data.ItemTable	ItemTable: Loaded 12756 Armor Items
2022.10.31 01:46:51,255	INFO	1	org.l2jmobius.gameserver.data.ItemTable	ItemTable: Loaded 9112 Weapon Items
2022.10.31 01:46:51,256	INFO	1	org.l2jmobius.gameserver.data.ItemTable	ItemTable: Loaded 46018 Items in total.
2022.10.31 01:46:51,315	INFO	1	org.l2jmobius.gameserver.data.xml.CombinationItemsData	CombinationItemsData: Loaded 4421 combinations.
2022.10.31 01:46:51,341	INFO	1	org.l2jmobius.gameserver.data.xml.SayuneData	SayuneData: Loaded 71 maps.
2022.10.31 01:46:52,575	INFO	1	handlers.DailyMissionMasterHandler	DailyMissionMasterHandler:  Loaded 10 handlers.
2022.10.31 01:46:52,633	INFO	1	org.l2jmobius.gameserver.data.xml.DailyMissionData	DailyMissionData: Loaded 87 one day rewards.
2022.10.31 01:46:52,634	INFO	1	org.l2jmobius.gameserver.GameServer	--------------------------------------------------=[ Skills ]
2022.10.31 01:46:57,346	INFO	1	handlers.EffectMasterHandler	EffectMasterHandler: Loaded 389 effect handlers.
2022.10.31 01:46:57,374	INFO	1	org.l2jmobius.gameserver.data.xml.EnchantSkillGroupsData	EnchantSkillGroupsData: Loaded 20 enchant routes, max enchant set to 20.
2022.10.31 01:47:04,552	INFO	1	org.l2jmobius.gameserver.data.xml.SkillData	SkillData: Loaded 169946 Skills.
2022.10.31 01:47:05,711	INFO	1	org.l2jmobius.gameserver.data.xml.SkillTreeData	SkillTreeData: Loaded 19373 Class skills for 150 class skill trees.
2022.10.31 01:47:05,711	INFO	1	org.l2jmobius.gameserver.data.xml.SkillTreeData	SkillTreeData: Loaded 1 sub-class skills.
2022.10.31 01:47:05,711	INFO	1	org.l2jmobius.gameserver.data.xml.SkillTreeData	SkillTreeData: Loaded 33 dual-class skills.
2022.10.31 01:47:05,712	INFO	1	org.l2jmobius.gameserver.data.xml.SkillTreeData	SkillTreeData: Loaded 104 transfer skills for 3 transfer skill trees.
2022.10.31 01:47:05,717	INFO	1	org.l2jmobius.gameserver.data.xml.SkillTreeData	SkillTreeData: Loaded 18 race skills for 7 race skill trees.
2022.10.31 01:47:05,719	INFO	1	org.l2jmobius.gameserver.data.xml.SkillTreeData	SkillTreeData: Loaded 35 fishing skills, 8 Dwarven only fishing skills.
2022.10.31 01:47:05,720	INFO	1	org.l2jmobius.gameserver.data.xml.SkillTreeData	SkillTreeData: Loaded 3 collect skills.
2022.10.31 01:47:05,730	INFO	1	org.l2jmobius.gameserver.data.xml.SkillTreeData	SkillTreeData: Loaded 11 clan skills, 0 for clan and 11 residential.
2022.10.31 01:47:05,730	INFO	1	org.l2jmobius.gameserver.data.xml.SkillTreeData	SkillTreeData: Loaded 0 sub-pledge skills.
2022.10.31 01:47:05,730	INFO	1	org.l2jmobius.gameserver.data.xml.SkillTreeData	SkillTreeData: Loaded 32 transform skills.
2022.10.31 01:47:05,730	INFO	1	org.l2jmobius.gameserver.data.xml.SkillTreeData	SkillTreeData: Loaded 22 noble skills.
2022.10.31 01:47:05,730	INFO	1	org.l2jmobius.gameserver.data.xml.SkillTreeData	SkillTreeData: Loaded 4 hero skills.
2022.10.31 01:47:05,731	INFO	1	org.l2jmobius.gameserver.data.xml.SkillTreeData	SkillTreeData: Loaded 61 game master skills.
2022.10.31 01:47:05,731	INFO	1	org.l2jmobius.gameserver.data.xml.SkillTreeData	SkillTreeData: Loaded 61 game master aura skills.
2022.10.31 01:47:05,731	INFO	1	org.l2jmobius.gameserver.data.xml.SkillTreeData	SkillTreeData: Loaded 123 ability skills.
2022.10.31 01:47:05,731	INFO	1	org.l2jmobius.gameserver.data.xml.SkillTreeData	SkillTreeData: Loaded 113 alchemy skills.
2022.10.31 01:47:05,731	INFO	1	org.l2jmobius.gameserver.data.xml.SkillTreeData	SkillTreeData: Loaded 37 class awaken save skills.
2022.10.31 01:47:05,731	INFO	1	org.l2jmobius.gameserver.data.xml.SkillTreeData	SkillTreeData: Loaded 20 Revelation skills.
2022.10.31 01:47:05,732	INFO	1	org.l2jmobius.gameserver.data.xml.SkillTreeData	SkillTreeData: Loaded 35 common skills.
2022.10.31 01:47:05,768	INFO	1	org.l2jmobius.gameserver.data.xml.PetSkillData	PetSkillData: Loaded 1084 skills.
2022.10.31 01:47:05,768	INFO	1	org.l2jmobius.gameserver.GameServer	---------------------------------------------------=[ Items ]
2022.10.31 01:47:05,903	INFO	1	org.l2jmobius.gameserver.data.xml.EnchantItemGroupsData	EnchantItemGroupsData: Loaded 31 item group templates.
2022.10.31 01:47:05,904	INFO	1	org.l2jmobius.gameserver.data.xml.EnchantItemGroupsData	EnchantItemGroupsData: Loaded 5 scroll group templates.
2022.10.31 01:47:05,944	INFO	1	org.l2jmobius.gameserver.data.xml.EnchantItemData	EnchantItemData: Loaded 286 enchant scrolls.
2022.10.31 01:47:05,945	INFO	1	org.l2jmobius.gameserver.data.xml.EnchantItemData	EnchantItemData: Loaded 104 support items.
2022.10.31 01:47:05,988	INFO	1	org.l2jmobius.gameserver.data.xml.EnchantItemOptionsData	EnchantItemOptionsData: Loaded 353 items and 4710 options.
2022.10.31 01:47:06,005	INFO	1	org.l2jmobius.commons.util.IXmlReader	ElementalAttributeData: Loaded 139 elemental attribute items.
2022.10.31 01:47:06,032	INFO	1	org.l2jmobius.gameserver.data.xml.ItemCrystallizationData	ItemCrystallizationData: Loaded 13 crystallization templates.
2022.10.31 01:47:06,035	INFO	1	org.l2jmobius.gameserver.data.xml.ItemCrystallizationData	ItemCrystallizationData: Loaded 338 pre-defined crystallizable items.
2022.10.31 01:47:06,060	INFO	1	org.l2jmobius.gameserver.data.xml.ItemCrystallizationData	ItemCrystallizationData: Generated 5988 crystallizable items from templates.
2022.10.31 01:47:08,062	INFO	1	org.l2jmobius.gameserver.data.xml.OptionData	OptionData: Loaded 37581 options.
2022.10.31 01:47:08,142	INFO	1	VariationData	VariationData: Loaded 37 variations.
2022.10.31 01:47:08,143	INFO	1	VariationData	VariationData: Loaded 2463 fees.
2022.10.31 01:47:08,221	INFO	1	org.l2jmobius.gameserver.data.xml.EnsoulData	EnsoulData: Loaded 128 fees.
2022.10.31 01:47:08,222	INFO	1	org.l2jmobius.gameserver.data.xml.EnsoulData	EnsoulData: Loaded 1169 options.
2022.10.31 01:47:08,222	INFO	1	org.l2jmobius.gameserver.data.xml.EnsoulData	EnsoulData: Loaded 125 stones.
2022.10.31 01:47:08,239	INFO	1	org.l2jmobius.gameserver.data.xml.EnchantItemHPBonusData	EnchantItemHPBonusData: Loaded 12 enchant HP bonuses.
2022.10.31 01:47:10,408	INFO	1	org.l2jmobius.gameserver.data.xml.BuyListData	BuyListData: Loaded 921 buyLists.
2022.10.31 01:47:12,958	INFO	1	org.l2jmobius.gameserver.data.xml.MultisellData	MultisellData: Loaded 601 multisell lists.
2022.10.31 01:47:13,027	INFO	1	org.l2jmobius.gameserver.data.xml.EquipmentUpgradeData	EquipmentUpgradeData: Loaded 6931 upgrade equipment data.
2022.10.31 01:47:13,098	INFO	1	org.l2jmobius.gameserver.data.xml.AgathionData	AgathionData: Loaded 435 agathion data.
2022.10.31 01:47:13,218	INFO	1	org.l2jmobius.gameserver.data.xml.RecipeData	RecipeData: Loaded 1816 recipes.
2022.10.31 01:47:13,282	INFO	1	org.l2jmobius.gameserver.data.xml.ArmorSetData	ArmorSetData: Loaded 370 armor sets.
2022.10.31 01:47:13,306	INFO	1	org.l2jmobius.gameserver.data.xml.FishingData	FishingData: Loaded 9 bait and 14 rod data.
2022.10.31 01:47:13,391	INFO	1	org.l2jmobius.gameserver.data.xml.HennaData	HennaData: Loaded 549 henna data.
2022.10.31 01:47:13,412	INFO	1	org.l2jmobius.gameserver.data.xml.PrimeShopData	PrimeShopData: Loaded 99 items.
2022.10.31 01:47:13,429	INFO	1	org.l2jmobius.gameserver.data.xml.LimitShopData	LimitShopData: Loaded 44 items.
2022.10.31 01:47:13,454	INFO	1	org.l2jmobius.gameserver.data.xml.LimitShopData	LimitShopCraftData: Loaded 131 items.
2022.10.31 01:47:13,472	INFO	1	org.l2jmobius.gameserver.data.xml.CollectionData	CollectionData: Loaded 188 collections.
2022.10.31 01:47:13,518	INFO	1	org.l2jmobius.gameserver.data.xml.AppearanceItemData	AppearanceItemData: Loaded 1282 stones.
2022.10.31 01:47:13,539	INFO	1	org.l2jmobius.gameserver.data.xml.AlchemyData	AlchemyData: Loaded 114 alchemy craft skills.
2022.10.31 01:47:13,572	INFO	1	org.l2jmobius.commons.util.IXmlReader	LuckyGameData: Loaded 2 lucky game data.
2022.10.31 01:47:13,580	INFO	1	org.l2jmobius.gameserver.data.xml.AttendanceRewardData	AttendanceRewardData: Loaded 28 rewards.
2022.10.31 01:47:13,580	INFO	1	org.l2jmobius.gameserver.GameServer	----------------------------------------------=[ Characters ]
2022.10.31 01:47:13,589	INFO	1	org.l2jmobius.gameserver.data.xml.ClassListData	ClassListData: Loaded 158 class data.
2022.10.31 01:47:13,602	INFO	1	org.l2jmobius.gameserver.data.xml.InitialEquipmentData	InitialEquipmentData: Loaded 14 initial equipment data.
2022.10.31 01:47:13,614	INFO	1	org.l2jmobius.gameserver.data.xml.InitialShortcutData	InitialShortcutData: Loaded 5 initial global shortcuts data.
2022.10.31 01:47:13,615	INFO	1	org.l2jmobius.gameserver.data.xml.InitialShortcutData	InitialShortcutData: Loaded 5 initial shortcuts data.
2022.10.31 01:47:13,615	INFO	1	org.l2jmobius.gameserver.data.xml.InitialShortcutData	InitialShortcutData: Loaded 0 macro presets.
2022.10.31 01:47:13,621	INFO	1	org.l2jmobius.gameserver.data.xml.ExperienceData	ExperienceData: Loaded 131 levels.
2022.10.31 01:47:13,621	INFO	1	org.l2jmobius.gameserver.data.xml.ExperienceData	ExperienceData: Max Player Level is 130.
2022.10.31 01:47:13,622	INFO	1	org.l2jmobius.gameserver.data.xml.ExperienceData	ExperienceData: Max Pet Level is 99.
2022.10.31 01:47:13,635	INFO	1	org.l2jmobius.gameserver.data.xml.KarmaData	KarmaData: Loaded 130 karma modifiers.
2022.10.31 01:47:13,639	INFO	1	org.l2jmobius.gameserver.data.xml.HitConditionBonusData	HitConditionBonusData: Loaded hit condition bonuses.
2022.10.31 01:47:14,463	INFO	1	org.l2jmobius.gameserver.data.xml.PlayerTemplateData	PlayerTemplateData: Loaded 150 character templates.
2022.10.31 01:47:14,463	INFO	1	org.l2jmobius.gameserver.data.xml.PlayerTemplateData	PlayerTemplateData: Loaded 108000 level up gain records.
2022.10.31 01:47:14,468	INFO	1	org.l2jmobius.gameserver.data.xml.PlayerTemplateData	PlayerTemplateData: Generated 1500 level up gain records.
2022.10.31 01:47:14,473	INFO	1	org.l2jmobius.gameserver.data.sql.CharNameTable	CharNameTable: Loaded 17 char names.
2022.10.31 01:47:14,500	INFO	1	org.l2jmobius.gameserver.data.xml.AdminData	AdminData: Loaded 10 access levels.
2022.10.31 01:47:14,517	INFO	1	org.l2jmobius.gameserver.data.xml.AdminData	AdminData: Loaded 468 access commands.
2022.10.31 01:47:15,211	INFO	1	org.l2jmobius.gameserver.data.xml.PetDataTable	PetDataTable: Loaded 56 pets.
2022.10.31 01:47:15,314	INFO	1	org.l2jmobius.gameserver.data.xml.CubicData	CubicData: Loaded 25 cubics.
2022.10.31 01:47:15,367	INFO	1	org.l2jmobius.gameserver.GameServer	PremiumManager: Premium system is enabled.
2022.10.31 01:47:15,368	INFO	1	org.l2jmobius.gameserver.GameServer	---------------------------------------------------=[ Clans ]
2022.10.31 01:47:15,403	INFO	1	org.l2jmobius.gameserver.communitybbs.Manager.ForumsBBSManager	ForumsBBSManager: Loaded 7 forums. Last forum id used: 10
2022.10.31 01:47:15,427	INFO	1	org.l2jmobius.gameserver.data.sql.ClanTable	ClanTable: Restored 3 clans from the database.
2022.10.31 01:47:15,449	INFO	1	org.l2jmobius.gameserver.data.xml.ResidenceFunctionsData	ResidenceFunctionsData: Loaded 8 functions.
2022.10.31 01:47:15,674	INFO	1	org.l2jmobius.gameserver.data.xml.ClanHallData	ClanHallData: Succesfully loaded 57 clan halls.
2022.10.31 01:47:15,676	INFO	1	org.l2jmobius.gameserver.instancemanager.ClanHallAuctionManager	ClanHallAuctionManager: Clan Hall Auction has started!
2022.10.31 01:47:15,701	INFO	1	org.l2jmobius.gameserver.instancemanager.ClanEntryManager	ClanEntryManager: Loaded 0 clan entries.
2022.10.31 01:47:15,702	INFO	1	org.l2jmobius.gameserver.instancemanager.ClanEntryManager	ClanEntryManager: Loaded 0 players in waiting list.
2022.10.31 01:47:15,703	INFO	1	org.l2jmobius.gameserver.instancemanager.ClanEntryManager	ClanEntryManager: Loaded 0 player applications.
2022.10.31 01:47:15,708	INFO	1	org.l2jmobius.gameserver.data.xml.ClanMasteryData	ClanMasteryData: Loaded 16 clan masteries.
2022.10.31 01:47:15,718	INFO	1	org.l2jmobius.gameserver.data.xml.ClanShopData	ClanShopData: Loaded 13 clan shop products.
2022.10.31 01:47:15,718	INFO	1	org.l2jmobius.gameserver.GameServer	-------------------------------------------------=[ Geodata ]
2022.10.31 01:47:20,112	INFO	1	org.l2jmobius.gameserver.geoengine.GeoEngine	GeoEngine: Loaded 233 regions.
2022.10.31 01:47:20,215	INFO	1	org.l2jmobius.gameserver.GameServer	----------------------------------------------------=[ NPCs ]
2022.10.31 01:47:24,620	INFO	1	org.l2jmobius.gameserver.data.xml.NpcData	NpcData: Loaded 14682 NPCs.
2022.10.31 01:47:24,632	WARNING	1	org.l2jmobius.gameserver.data.xml.SkillData	SkillData: Call to unexisting skill level id: 345 requested level: 100 max level: 17.
2022.10.31 01:47:24,633	WARNING	1	org.l2jmobius.gameserver.data.xml.SkillData	SkillData: Call to unexisting skill level id: 11057 requested level: 13 max level: 11.
2022.10.31 01:47:24,634	WARNING	1	org.l2jmobius.gameserver.data.xml.SkillData	SkillData: Call to unexisting skill level id: 10508 requested level: 375 max level: 13.
2022.10.31 01:47:24,648	INFO	1	org.l2jmobius.gameserver.data.xml.NpcData	NpcData: Loaded 26 custom NPCs.
2022.10.31 01:47:24,655	INFO	1	org.l2jmobius.gameserver.data.xml.FakePlayerData	FakePlayerData: Loaded 14 templates.
2022.10.31 01:47:24,659	INFO	1	org.l2jmobius.gameserver.instancemanager.FakePlayerChatManager	FakePlayerChatManager: Loaded 19 chat templates.
2022.10.31 01:47:25,937	INFO	1	org.l2jmobius.gameserver.data.xml.SpawnData	SpawnData: Loaded 62084 spawns
2022.10.31 01:47:25,966	INFO	1	org.l2jmobius.gameserver.instancemanager.WalkingManager	WalkingManager: Loaded 197 walking routes.
2022.10.31 01:47:25,988	INFO	1	org.l2jmobius.gameserver.data.xml.StaticObjectData	StaticObjectData: Loaded 86 static object templates.
2022.10.31 01:47:26,028	INFO	1	org.l2jmobius.gameserver.model.itemauction.ItemAuctionInstance	ItemAuctionInstance: Loaded 21 item(s) and registered 2 auction(s) for instance 34328
2022.10.31 01:47:26,035	INFO	1	org.l2jmobius.gameserver.model.itemauction.ItemAuctionInstance	ItemAuctionInstance: Schedule next auction 2 on 17:00:00 05.11.22 for instance 34328
2022.10.31 01:47:26,035	INFO	1	org.l2jmobius.gameserver.instancemanager.ItemAuctionManager	ItemAuctionManager: Loaded 1 instances.
2022.10.31 01:47:26,102	INFO	1	org.l2jmobius.gameserver.instancemanager.InstanceManager	InstanceManager: Loaded 325 instance names.
2022.10.31 01:47:26,744	INFO	1	org.l2jmobius.gameserver.instancemanager.InstanceManager	InstanceManager: Loaded 159 instance templates.
2022.10.31 01:47:26,745	INFO	1	org.l2jmobius.gameserver.instancemanager.InstanceManager	InstanceManager: Loaded instance reenter times for 0 players.
2022.10.31 01:47:26,752	INFO	1	org.l2jmobius.gameserver.instancemanager.CastleManager	CastleManager: Loaded 9 castles.
2022.10.31 01:47:26,759	INFO	1	org.l2jmobius.gameserver.instancemanager.GrandBossManager	GrandBossManager: Fafurion(19740) status is 0
2022.10.31 01:47:26,759	INFO	1	org.l2jmobius.gameserver.instancemanager.GrandBossManager	GrandBossManager: Kelbim(26124) status is 0
2022.10.31 01:47:26,759	INFO	1	org.l2jmobius.gameserver.instancemanager.GrandBossManager	GrandBossManager: Core(29006) status is 1
2022.10.31 01:47:26,769	INFO	1	org.l2jmobius.gameserver.instancemanager.GrandBossManager	GrandBossManager: Next spawn date of Core is Wed Nov 02 00:48:19 MSK 2022
2022.10.31 01:47:26,769	INFO	1	org.l2jmobius.gameserver.instancemanager.GrandBossManager	GrandBossManager: Baium(29020) status is 0
2022.10.31 01:47:26,769	INFO	1	org.l2jmobius.gameserver.instancemanager.GrandBossManager	GrandBossManager: Valakas(29028) status is 3
2022.10.31 01:47:26,769	INFO	1	org.l2jmobius.gameserver.instancemanager.GrandBossManager	GrandBossManager: Next spawn date of Valakas is Sat Nov 05 16:32:22 MSK 2022
2022.10.31 01:47:26,769	INFO	1	org.l2jmobius.gameserver.instancemanager.GrandBossManager	GrandBossManager: Antharas(29068) status is 0
2022.10.31 01:47:26,770	INFO	1	org.l2jmobius.gameserver.instancemanager.GrandBossManager	GrandBossManager: Beleth(29118) status is 0
2022.10.31 01:47:26,770	INFO	1	org.l2jmobius.gameserver.instancemanager.GrandBossManager	GrandBossManager: Earth Wyrm Trasken(29197) status is 0
2022.10.31 01:47:26,770	INFO	1	org.l2jmobius.gameserver.instancemanager.GrandBossManager	GrandBossManager: Lindvior(29240) status is 0
2022.10.31 01:47:26,770	INFO	1	org.l2jmobius.gameserver.instancemanager.GrandBossManager	GrandBossManager: Helios(29305) status is 0
2022.10.31 01:47:26,770	INFO	1	org.l2jmobius.gameserver.instancemanager.GrandBossManager	GrandBossManager: Orfen(29325) status is 0
2022.10.31 01:47:26,770	INFO	1	org.l2jmobius.gameserver.instancemanager.GrandBossManager	GrandBossManager: Lilith(29336) status is 0
2022.10.31 01:47:26,770	INFO	1	org.l2jmobius.gameserver.instancemanager.GrandBossManager	GrandBossManager: Anakim(29348) status is 0
2022.10.31 01:47:26,770	INFO	1	org.l2jmobius.gameserver.instancemanager.GrandBossManager	GrandBossManager: Queen Ant(29381) status is 0
2022.10.31 01:47:26,770	INFO	1	org.l2jmobius.gameserver.instancemanager.GrandBossManager	GrandBossManager: Loaded 14 instances.
2022.10.31 01:47:26,778	INFO	1	org.l2jmobius.commons.util.IXmlReader	HomunculusData: Loaded 30 templates.
2022.10.31 01:47:26,782	INFO	1	org.l2jmobius.commons.util.IXmlReader	HomunculusSlotData: Loaded 9 templates.
2022.10.31 01:47:26,787	INFO	1	org.l2jmobius.commons.util.IXmlReader	HomunculusCreationData: Loaded 2 templates.
2022.10.31 01:47:26,787	INFO	1	org.l2jmobius.gameserver.GameServer	------------------------------------------------=[ Instance ]
2022.10.31 01:47:26,787	INFO	1	org.l2jmobius.gameserver.GameServer	------------------------------------------------=[ Olympiad ]
2022.10.31 01:47:26,796	INFO	1	org.l2jmobius.gameserver.model.olympiad.Olympiad	Olympiad System: Loading....
2022.10.31 01:47:26,796	INFO	1	org.l2jmobius.gameserver.model.olympiad.Olympiad	Olympiad System: Currently in Olympiad Period
2022.10.31 01:47:26,798	INFO	1	org.l2jmobius.gameserver.model.olympiad.Olympiad	Olympiad System: 32292 minutes until period ends
2022.10.31 01:47:26,798	INFO	1	org.l2jmobius.gameserver.model.olympiad.Olympiad	Olympiad System: Next weekly change is in 9745 minutes
2022.10.31 01:47:26,798	INFO	1	org.l2jmobius.gameserver.model.olympiad.Olympiad	Olympiad System: Loaded 8 Nobles
2022.10.31 01:47:26,804	INFO	1	org.l2jmobius.gameserver.model.olympiad.Olympiad	Olympiad System: Competition Period Starts in 0 days, 0 hours and 0 mins.
2022.10.31 01:47:26,805	INFO	1	org.l2jmobius.gameserver.model.olympiad.Olympiad	Olympiad System: Event starts/started: Mon Oct 31 00:00:26 MSK 2022
2022.10.31 01:47:26,810	INFO	1	org.l2jmobius.gameserver.model.olympiad.Hero	Hero System: Loaded 0 Heroes.
2022.10.31 01:47:26,810	INFO	1	org.l2jmobius.gameserver.model.olympiad.Hero	Hero System: Loaded 0 all time Heroes.
2022.10.31 01:47:26,810	INFO	1	org.l2jmobius.gameserver.GameServer	---------------------------------------------------=[ Cache ]
2022.10.31 01:47:26,811	INFO	1	org.l2jmobius.gameserver.cache.HtmCache	Html cache start...
2022.10.31 01:47:26,821	INFO	35	org.l2jmobius.gameserver.model.olympiad.Olympiad	Olympiad System: Olympiad Games have started.
2022.10.31 01:47:27,142	WARNING	1	org.l2jmobius.gameserver.cache.HtmCache	HTML encoding check: File data/html/CommunityBoard/Custom/buffer/main.html contains non ASCII content.
2022.10.31 01:47:27,161	WARNING	1	org.l2jmobius.gameserver.cache.HtmCache	HTML encoding check: File data/html/CommunityBoard/Custom/donationmerchant/main.html contains non ASCII content.
2022.10.31 01:47:27,176	WARNING	1	org.l2jmobius.gameserver.cache.HtmCache	HTML encoding check: File data/html/CommunityBoard/Custom/home.html contains non ASCII content.
2022.10.31 01:47:27,205	WARNING	1	org.l2jmobius.gameserver.cache.HtmCache	HTML encoding check: File data/html/CommunityBoard/Custom/merchant/main.html contains non ASCII content.
2022.10.31 01:47:27,218	WARNING	1	org.l2jmobius.gameserver.cache.HtmCache	HTML encoding check: File data/html/CommunityBoard/Custom/navigation.html contains non ASCII content.
2022.10.31 01:47:27,221	WARNING	1	org.l2jmobius.gameserver.cache.HtmCache	HTML encoding check: File data/html/CommunityBoard/Custom/outlook/main.html contains non ASCII content.
2022.10.31 01:47:27,413	INFO	35	org.l2jmobius.gameserver.instancemanager.DBSpawnManager	DBSpawnManager: Loaded 33 instances.
2022.10.31 01:47:27,414	INFO	35	org.l2jmobius.gameserver.instancemanager.DBSpawnManager	DBSpawnManager: Scheduled 0 instances.
2022.10.31 01:47:27,714	INFO	35	org.l2jmobius.gameserver.model.olympiad.OlympiadGameManager	Olympiad System: Loaded 80 stadiums.
2022.10.31 01:47:29,440	INFO	1	org.l2jmobius.gameserver.cache.HtmCache	Cache[HTML]: 4,248 megabytes on 6380 files loaded.
2022.10.31 01:47:29,450	INFO	1	org.l2jmobius.gameserver.data.sql.CrestTable	CrestTable: Loaded 3 Crests.
2022.10.31 01:47:29,456	INFO	1	org.l2jmobius.gameserver.data.xml.TeleportListData	TeleportListData: Loaded 102 teleports.
2022.10.31 01:47:30,406	INFO	1	org.l2jmobius.gameserver.data.xml.TeleporterData	TeleporterData: Loaded 168 npc teleporters.
2022.10.31 01:47:30,411	INFO	1	org.l2jmobius.gameserver.data.xml.TimedHuntingZoneData	TimedHuntingZoneData: Loaded 8 timed hunting zones.
2022.10.31 01:47:30,421	INFO	1	org.l2jmobius.gameserver.instancemanager.CursedWeaponsManager	CursedWeaponsManager: Loaded 2 cursed weapons.
2022.10.31 01:47:31,142	INFO	1	org.l2jmobius.gameserver.data.xml.TransformData	TransformData: Loaded 180 transform templates.
2022.10.31 01:47:31,161	INFO	1	org.l2jmobius.gameserver.data.BotReportTable	BotReportTable: Loaded 0 bot reports
2022.10.31 01:47:31,174	INFO	1	org.l2jmobius.gameserver.instancemanager.SellBuffsManager	SellBuffsManager: Loaded 145 allowed buffs.
2022.10.31 01:47:31,174	INFO	1	org.l2jmobius.gameserver.GameServer	-------------------------------------------------=[ Scripts ]
2022.10.31 01:47:31,188	INFO	1	org.l2jmobius.gameserver.instancemanager.AirShipManager	AirShipManager: Loaded 0 private airships
2022.10.31 01:47:31,209	INFO	1	org.l2jmobius.gameserver.data.xml.ShuttleData	ShuttleData: Loaded 3 shuttles.
2022.10.31 01:47:31,212	INFO	1	org.l2jmobius.gameserver.GameServer	GameServer: Loading server scripts:
2022.10.31 01:47:35,662	INFO	1	handlers.MasterHandler	Loading Handlers...
2022.10.31 01:47:35,793	INFO	1	handlers.MasterHandler	ActionHandler: Loaded 10 handlers.
2022.10.31 01:47:35,795	INFO	1	handlers.MasterHandler	ActionShiftHandler: Loaded 6 handlers.
2022.10.31 01:47:35,796	INFO	1	handlers.MasterHandler	AdminCommandHandler: Loaded 461 handlers.
2022.10.31 01:47:35,796	INFO	1	handlers.MasterHandler	BypassHandler: Loaded 30 handlers.
2022.10.31 01:47:35,797	INFO	1	handlers.MasterHandler	ChatHandler: Loaded 14 handlers.
2022.10.31 01:47:35,798	INFO	1	handlers.MasterHandler	CommunityBoardHandler: Loaded 26 handlers.
2022.10.31 01:47:35,798	INFO	1	handlers.MasterHandler	ItemHandler: Loaded 33 handlers.
2022.10.31 01:47:35,798	INFO	1	handlers.MasterHandler	PunishmentHandler: Loaded 3 handlers.
2022.10.31 01:47:35,798	INFO	1	handlers.MasterHandler	UserCommandHandler: Loaded 16 handlers.
2022.10.31 01:47:35,798	INFO	1	handlers.MasterHandler	VoicedCommandHandler: Loaded 12 handlers.
2022.10.31 01:47:35,798	INFO	1	handlers.MasterHandler	TargetHandler: Loaded 21 handlers.
2022.10.31 01:47:35,798	INFO	1	handlers.MasterHandler	AffectObjectHandler: Loaded 11 handlers.
2022.10.31 01:47:35,801	INFO	1	handlers.MasterHandler	AffectScopeHandler: Loaded 19 handlers.
2022.10.31 01:47:35,801	INFO	1	handlers.MasterHandler	PlayerActionHandler: Loaded 24 handlers.
2022.10.31 01:47:35,802	INFO	1	handlers.MasterHandler	Handlers Loaded...
2022.10.31 01:47:44,776	INFO	1	ai.areas.FantasyIsle.HandysBlockCheckerEvent	Handy's Block Checker Event is enabled
2022.10.31 01:47:44,786	INFO	1	ai.areas.FantasyIsle.Parade	Fantasy Isle: Parade starting at 2022/10/31 05:20 and is scheduled each next 1 hours.
2022.10.31 01:47:44,791	INFO	1	ai.areas.FantasyIsle.TalentShow	Fantasy Isle: MC show script starting at 31/10/2022 12:31:44 and is scheduled each next 4 hours.
2022.10.31 01:47:45,043	INFO	1	org.l2jmobius.gameserver.instancemanager.GrandBossManager	GrandBossManager: Updated Anakim(29348) status to 0.
2022.10.31 01:47:45,089	INFO	1	org.l2jmobius.gameserver.instancemanager.GrandBossManager	GrandBossManager: Updated Etis van Etina(29318) status to 0.
2022.10.31 01:47:45,116	INFO	1	org.l2jmobius.gameserver.instancemanager.GrandBossManager	GrandBossManager: Updated Fafurion(19740) status to 0.
2022.10.31 01:47:45,142	INFO	1	org.l2jmobius.gameserver.instancemanager.GrandBossManager	GrandBossManager: Updated Helios(29305) status to 0.
2022.10.31 01:47:45,170	INFO	1	org.l2jmobius.gameserver.instancemanager.GrandBossManager	GrandBossManager: Updated Lilith(29336) status to 0.
2022.10.31 01:47:45,186	INFO	1	org.l2jmobius.gameserver.instancemanager.GrandBossManager	GrandBossManager: Updated Lindvior(29240) status to 0.
2022.10.31 01:47:45,276	INFO	1	ai.bosses.Tiat.Stage1	[Seed of Destruction] Loaded 51 spawn zones data.
2022.10.31 01:47:45,357	INFO	1	ai.others.ClassMaster.ClassMaster	ClassMaster: Loaded 0 class change options.
2022.10.31 01:47:45,436	INFO	1	ai.others.MentorGuide.MentorGuide	MentorGuide: Loaded 4 mentee coins
2022.10.31 01:47:45,456	INFO	1	ai.others.NpcBuffers.NpcBuffersData	NpcBuffersData: Loaded 6 buffers data.
2022.10.31 01:47:45,607	INFO	1	org.l2jmobius.gameserver.model.quest.Quest	Event Balthus Event has passed... Ignored 
2022.10.31 01:47:45,611	INFO	1	org.l2jmobius.gameserver.model.quest.Quest	Event Birth of Draco has passed... Ignored 
2022.10.31 01:47:45,618	INFO	1	org.l2jmobius.gameserver.model.quest.Quest	Event Dragon Slayer has passed... Ignored 
2022.10.31 01:47:45,635	INFO	1	org.l2jmobius.gameserver.model.quest.Quest	Event Dream Maker has passed... Ignored 
2022.10.31 01:47:45,652	INFO	1	org.l2jmobius.gameserver.model.quest.Quest	Event Eve the Fortune Teller active till Tue Dec 18 00:00:00 MSK 2029
2022.10.31 01:47:45,658	INFO	1	org.l2jmobius.gameserver.model.quest.Quest	Event Freya Celebration has passed... Ignored 
2022.10.31 01:47:45,663	INFO	1	org.l2jmobius.gameserver.model.quest.Quest	Event Gift of Vitality has passed... Ignored 
2022.10.31 01:47:45,685	INFO	1	org.l2jmobius.gameserver.model.quest.Quest	Event Halloween active till Tue Nov 22 00:00:00 MSK 2022
2022.10.31 01:47:45,690	INFO	1	org.l2jmobius.gameserver.model.quest.Quest	Event Heavy Medal has passed... Ignored 
2022.10.31 01:47:45,694	INFO	1	org.l2jmobius.gameserver.model.quest.Quest	Event Hungry Horse has passed... Ignored 
2022.10.31 01:47:45,698	INFO	1	org.l2jmobius.gameserver.model.quest.Quest	Event Hunt for Santa has passed... Ignored 
2022.10.31 01:47:45,702	INFO	1	org.l2jmobius.gameserver.model.quest.Quest	Event Legend's Mark has passed... Ignored 
2022.10.31 01:47:45,707	INFO	1	org.l2jmobius.gameserver.model.quest.Quest	Event Letter Collector has passed... Ignored 
2022.10.31 01:47:45,712	INFO	1	org.l2jmobius.gameserver.model.quest.Quest	Event Lovers Jubilee has passed... Ignored 
2022.10.31 01:47:45,718	INFO	1	org.l2jmobius.gameserver.model.quest.Quest	Event Love Your Gatekeeper has passed... Ignored 
2022.10.31 01:47:45,722	INFO	1	org.l2jmobius.gameserver.model.quest.Quest	Event Master of Enchanting has passed... Ignored 
2022.10.31 01:47:45,744	INFO	1	org.l2jmobius.gameserver.model.quest.Quest	Event Red Libra active till Mon Nov 07 00:00:00 MSK 2022
2022.10.31 01:47:45,749	INFO	1	org.l2jmobius.gameserver.model.quest.Quest	Event Rudolphs Blessing has passed... Ignored 
2022.10.31 01:47:45,758	INFO	1	org.l2jmobius.gameserver.model.quest.Quest	Event Saving Santa has passed... Ignored 
2022.10.31 01:47:45,762	INFO	1	org.l2jmobius.gameserver.model.quest.Quest	Event The Power Of Love has passed... Ignored 
2022.10.31 01:47:45,771	INFO	1	org.l2jmobius.gameserver.model.quest.Quest	Event Training with Dandy has passed... Ignored 
2022.10.31 01:47:46,045	INFO	1	org.l2jmobius.gameserver.data.xml.SpawnData	SpawnData: Initializing spawns...
2022.10.31 01:48:05,959	INFO	1	org.l2jmobius.gameserver.data.xml.SpawnData	SpawnData: All spawns has been initialized!
2022.10.31 01:48:05,959	INFO	1	org.l2jmobius.gameserver.GameServer	---------------------------------------------------=[ Siege ]
2022.10.31 01:48:06,023	INFO	1	org.l2jmobius.gameserver.model.siege.Siege	Siege of Gludio: Sun Nov 06 16:00:00 MSK 2022
2022.10.31 01:48:06,025	INFO	1	org.l2jmobius.gameserver.model.siege.Siege	Siege of Dion: Sun Nov 06 20:00:00 MSK 2022
2022.10.31 01:48:06,025	INFO	1	org.l2jmobius.gameserver.model.siege.Siege	Siege of Giran: Sun Nov 06 16:00:00 MSK 2022
2022.10.31 01:48:06,026	INFO	1	org.l2jmobius.gameserver.model.siege.Siege	Siege of Oren: Sun Nov 06 20:00:00 MSK 2022
2022.10.31 01:48:06,026	INFO	1	org.l2jmobius.gameserver.model.siege.Siege	Siege of Aden: Sun Nov 06 16:00:00 MSK 2022
2022.10.31 01:48:06,026	INFO	1	org.l2jmobius.gameserver.model.siege.Siege	Siege of Innadril: Sun Nov 06 20:00:00 MSK 2022
2022.10.31 01:48:06,027	INFO	1	org.l2jmobius.gameserver.model.siege.Siege	Siege of Goddard: Sun Nov 06 16:00:00 MSK 2022
2022.10.31 01:48:06,027	INFO	1	org.l2jmobius.gameserver.model.siege.Siege	Siege of Rune: Sun Nov 06 20:00:00 MSK 2022
2022.10.31 01:48:06,029	INFO	1	org.l2jmobius.gameserver.model.siege.Siege	Siege of Schuttgart: Sun Nov 06 16:00:00 MSK 2022
2022.10.31 01:48:06,294	INFO	1	org.l2jmobius.gameserver.instancemanager.FortManager	FortManager: Loaded 20 fortress.
2022.10.31 01:48:06,601	INFO	1	org.l2jmobius.gameserver.data.xml.SiegeScheduleData	SiegeScheduleData: Loaded 9 siege schedulers.
2022.10.31 01:48:06,639	INFO	1	org.l2jmobius.gameserver.instancemanager.CastleManorManager	CastleManorManager: Loaded 258 seeds.
2022.10.31 01:48:06,651	INFO	1	org.l2jmobius.gameserver.instancemanager.CastleManorManager	CastleManorManager: Manor data loaded.
2022.10.31 01:48:06,747	INFO	1	org.l2jmobius.gameserver.instancemanager.SiegeGuardManager	SiegeGuardManager: Loaded 0 siege guards tickets.
2022.10.31 01:48:06,747	INFO	1	org.l2jmobius.gameserver.instancemanager.QuestManager	QuestManager: Loaded 56 quests.
2022.10.31 01:48:06,747	INFO	1	org.l2jmobius.gameserver.instancemanager.QuestManager	QuestManager: Loaded 428 scripts.
2022.10.31 01:48:06,899	INFO	1	org.l2jmobius.gameserver.taskmanager.TaskManager	TaskManager: Loaded 5 Tasks.
2022.10.31 01:48:06,902	INFO	1	org.l2jmobius.gameserver.instancemanager.DailyTaskManager	DailyTaskManager: Next schedule at 31/10 06:30.
2022.10.31 01:48:06,960	INFO	1	org.l2jmobius.gameserver.instancemanager.MailManager	MailManager: Loaded 5 messages.
2022.10.31 01:48:07,007	INFO	1	org.l2jmobius.gameserver.instancemanager.PunishmentManager	PunishmentManager: Loaded 0 active and 0 expired punishments.
2022.10.31 01:48:07,008	INFO	1	org.l2jmobius.gameserver.GameServer	IdManager: Free ObjectID's remaining: 1878973121
2022.10.31 01:48:07,039	INFO	1	org.l2jmobius.gameserver.data.sql.OfflineTraderTable	OfflineTraderTable: Loading offline traders...
2022.10.31 01:48:07,040	INFO	1	org.l2jmobius.gameserver.data.sql.OfflineTraderTable	OfflineTraderTable: Loaded 0 offline traders.
2022.10.31 01:48:08,600	INFO	1	org.l2jmobius.gameserver.GameServer	GameServer: Started, using 2716 of 6144 MB total memory.
2022.10.31 01:48:08,600	INFO	1	org.l2jmobius.gameserver.GameServer	GameServer: Maximum number of connected players is 2000.
2022.10.31 01:48:08,601	INFO	1	org.l2jmobius.gameserver.GameServer	GameServer: Server loaded in 87 seconds.
2022.10.31 01:48:08,868	INFO	1	org.l2jmobius.commons.network.NetworkManager	ClientNetworkManager: Listening on 192.168.1.66:7777
2022.10.31 01:48:08,901	INFO	58	org.l2jmobius.gameserver.LoginServerThread	LoginServerThread: Connecting to login on 192.168.1.66:9014
2022.10.31 01:48:09,420	INFO	58	org.l2jmobius.gameserver.LoginServerThread	LoginServerThread: Registered on login as Server 2: Sieghardt
2022.10.31 02:18:07,490	INFO	31	org.l2jmobius.gameserver.instancemanager.GlobalVariablesManager	GlobalVariablesManager: Stored 23 variables.
2022.10.31 02:18:07,493	INFO	31	org.l2jmobius.gameserver.instancemanager.DailyTaskManager	Olympiad System: Data updated.
2022.10.31 02:48:07,441	INFO	31	org.l2jmobius.gameserver.instancemanager.GlobalVariablesManager	GlobalVariablesManager: Stored 23 variables.
2022.10.31 02:48:07,466	INFO	31	org.l2jmobius.gameserver.instancemanager.DailyTaskManager	Olympiad System: Data updated.
2022.10.31 03:18:07,545	INFO	28	org.l2jmobius.gameserver.instancemanager.GlobalVariablesManager	GlobalVariablesManager: Stored 23 variables.
2022.10.31 03:18:07,597	INFO	28	org.l2jmobius.gameserver.instancemanager.DailyTaskManager	Olympiad System: Data updated.
2022.10.31 03:22:23,459	WARNING	60	org.l2jmobius.gameserver.model.actor.Creature	Master access level set for character МОЕЙ ВОЛИ! Just a warning to be careful ;)
2022.10.31 03:32:08,019	WARNING	20	org.l2jmobius.gameserver.Shutdown	Server scheduled restart issued shutdown command. Restart in 10 seconds!
2022.10.31 03:32:18,060	WARNING	108	org.l2jmobius.gameserver.Shutdown	GM shutdown countdown is over. restarting NOW!
2022.10.31 03:32:34,990	INFO	55	org.l2jmobius.gameserver.Shutdown	All players disconnected and saved(16856ms).
2022.10.31 03:32:34,991	INFO	55	org.l2jmobius.gameserver.Shutdown	Movement Task Manager: Thread interruped(4ms).
2022.10.31 03:32:34,992	INFO	55	org.l2jmobius.gameserver.Shutdown	Game Time Task Manager: Thread interruped(1ms).
2022.10.31 03:32:34,992	INFO	55	org.l2jmobius.commons.threads.ThreadPool	ThreadPool: Shutting down.
2022.10.31 03:32:34,995	INFO	55	org.l2jmobius.gameserver.Shutdown	Thread Pool Manager: Manager has been shut down(2ms).
2022.10.31 03:32:34,995	INFO	55	org.l2jmobius.gameserver.Shutdown	Login Server Thread: Thread interruped(1ms).
2022.10.31 03:32:34,996	INFO	55	org.l2jmobius.gameserver.network.telnet.TelnetServer	Shutting down..
2022.10.31 03:32:34,996	INFO	55	org.l2jmobius.gameserver.Shutdown	Telnet Server Thread: Thread interruped(1ms).
2022.10.31 03:32:34,996	INFO	55	org.l2jmobius.gameserver.Shutdown	GM restart received. Restarting NOW!
2022.10.31 03:32:35,005	INFO	55	org.l2jmobius.gameserver.Shutdown	RaidBossSpawnManager: All raidboss info saved(9ms).
2022.10.31 03:32:35,010	INFO	55	org.l2jmobius.gameserver.Shutdown	GrandBossManager: All Grand Boss info saved(4ms).
2022.10.31 03:32:35,045	INFO	55	org.l2jmobius.gameserver.Shutdown	Item Auction Manager: All tasks stopped(36ms).
2022.10.31 03:32:35,047	INFO	55	org.l2jmobius.gameserver.Shutdown	Olympiad System: Data saved(2ms).
2022.10.31 03:32:35,048	INFO	55	org.l2jmobius.gameserver.Shutdown	Hero System: Data saved(1ms).
2022.10.31 03:32:35,145	INFO	55	org.l2jmobius.gameserver.Shutdown	Clan System: Data saved(96ms).
2022.10.31 03:32:35,234	INFO	55	org.l2jmobius.gameserver.Shutdown	Cursed Weapons Manager: Data saved(90ms).
2022.10.31 03:32:35,235	INFO	55	org.l2jmobius.gameserver.Shutdown	Castle Manor Manager: Data saved(1ms).
2022.10.31 03:32:35,236	INFO	55	org.l2jmobius.gameserver.Shutdown	Quest Manager: Data saved(1ms).
2022.10.31 03:32:41,095	INFO	55	org.l2jmobius.gameserver.instancemanager.GlobalVariablesManager	GlobalVariablesManager: Stored 23 variables.
2022.10.31 03:32:41,096	INFO	55	org.l2jmobius.gameserver.Shutdown	Global Variables Manager: Variables saved(5860ms).
2022.10.31 03:32:41,097	INFO	55	org.l2jmobius.gameserver.Shutdown	Bot Report Table: Successfully saved reports to database!
2022.10.31 03:32:46,205	INFO	55	org.l2jmobius.gameserver.Shutdown	Game Server: Selector thread has been shut down(95ms).
2022.10.31 03:32:46,610	INFO	55	org.l2jmobius.gameserver.Shutdown	Database Factory: Database connection has been shut down(405ms).
